This is pdfTeX, Version 3.141592653-2.6-1.40.29 (TeX Live 2026/Homebrew) (preloaded format=pdflatex 2026.3.4)  12 JUL 2026 13:49
entering extended mode
 restricted \write18 enabled.
 %&-line parsing enabled.
**book.tex
(./book.tex
LaTeX2e <2025-11-01>
L3 programming layer <2026-01-19>

(/opt/homebrew/Cellar/texlive/20260301/share/texmf-dist/tex/latex/base/book.cls
Document Class: book 2025/01/22 v1.4n Standard LaTeX document class

(/opt/homebrew/Cellar/texlive/20260301/share/texmf-dist/tex/latex/base/bk11.clo
File: bk11.clo 2025/01/22 v1.4n Standard LaTeX file (size option)
)
\c@part=\count275
\c@chapter=\count276
\c@section=\count277
\c@subsection=\count278
\c@subsubsection=\count279
\c@paragraph=\count280
\c@subparagraph=\count281
\c@figure=\count282
\c@table=\count283
\abovecaptionskip=\skip49
\belowcaptionskip=\skip50
\bibindent=\dimen148
) (./dsbook.sty
Package: dsbook 

(/opt/homebrew/Cellar/texlive/20260301/share/texmf-dist/tex/latex/geometry/geom
etry.sty
Package: geometry 2020/01/02 v5.9 Page Geometry

(/opt/homebrew/Cellar/texlive/20260301/share/texmf-dist/tex/latex/graphics/keyv
al.sty
Package: keyval 2022/05/29 v1.15 key=value parser (DPC)
\KV@toks@=\toks17
)
(/opt/homebrew/Cellar/texlive/20260301/share/texmf-dist/tex/generic/iftex/ifvte
x.sty
Package: ifvtex 2019/10/25 v1.7 ifvtex legacy package. Use iftex instead.

(/opt/homebrew/Cellar/texlive/20260301/share/texmf-dist/tex/generic/iftex/iftex
.sty
Package: iftex 2024/12/12 v1.0g TeX engine tests
))
\Gm@cnth=\count284
\Gm@cntv=\count285
\c@Gm@tempcnt=\count286
\Gm@bindingoffset=\dimen149
\Gm@wd@mp=\dimen150
\Gm@odd@mp=\dimen151
\Gm@even@mp=\dimen152
\Gm@layoutwidth=\dimen153
\Gm@layoutheight=\dimen154
\Gm@layouthoffset=\dimen155
\Gm@layoutvoffset=\dimen156
\Gm@dimlist=\toks18
)
(/opt/homebrew/Cellar/texlive/20260301/share/texmf-dist/tex/latex/setspace/sets
pace.sty
Package: setspace 2022/12/04 v6.7b set line spacing
)
(/opt/homebrew/Cellar/texlive/20260301/share/texmf-dist/tex/latex/psnfss/mathpt
mx.sty
Package: mathptmx 2020/03/25 PSNFSS-v9.3 Times w/ Math, improved (SPQR, WaS) 
LaTeX Font Info:    Redeclaring symbol font `operators' on input line 28.
LaTeX Font Info:    Overwriting symbol font `operators' in version `normal'
(Font)                  OT1/cmr/m/n --> OT1/ztmcm/m/n on input line 28.
LaTeX Font Info:    Overwriting symbol font `operators' in version `bold'
(Font)                  OT1/cmr/bx/n --> OT1/ztmcm/m/n on input line 28.
LaTeX Font Info:    Redeclaring symbol font `letters' on input line 29.
LaTeX Font Info:    Overwriting symbol font `letters' in version `normal'
(Font)                  OML/cmm/m/it --> OML/ztmcm/m/it on input line 29.
LaTeX Font Info:    Overwriting symbol font `letters' in version `bold'
(Font)                  OML/cmm/b/it --> OML/ztmcm/m/it on input line 29.
LaTeX Font Info:    Redeclaring symbol font `symbols' on input line 30.
LaTeX Font Info:    Overwriting symbol font `symbols' in version `normal'
(Font)                  OMS/cmsy/m/n --> OMS/ztmcm/m/n on input line 30.
LaTeX Font Info:    Overwriting symbol font `symbols' in version `bold'
(Font)                  OMS/cmsy/b/n --> OMS/ztmcm/m/n on input line 30.
LaTeX Font Info:    Redeclaring symbol font `largesymbols' on input line 31.
LaTeX Font Info:    Overwriting symbol font `largesymbols' in version `normal'
(Font)                  OMX/cmex/m/n --> OMX/ztmcm/m/n on input line 31.
LaTeX Font Info:    Overwriting symbol font `largesymbols' in version `bold'
(Font)                  OMX/cmex/m/n --> OMX/ztmcm/m/n on input line 31.
\symbold=\mathgroup4
\symitalic=\mathgroup5
LaTeX Font Info:    Redeclaring math alphabet \mathbf on input line 34.
LaTeX Font Info:    Overwriting math alphabet `\mathbf' in version `normal'
(Font)                  OT1/cmr/bx/n --> OT1/ptm/bx/n on input line 34.
LaTeX Font Info:    Overwriting math alphabet `\mathbf' in version `bold'
(Font)                  OT1/cmr/bx/n --> OT1/ptm/bx/n on input line 34.
LaTeX Font Info:    Redeclaring math alphabet \mathit on input line 35.
LaTeX Font Info:    Overwriting math alphabet `\mathit' in version `normal'
(Font)                  OT1/cmr/m/it --> OT1/ptm/m/it on input line 35.
LaTeX Font Info:    Overwriting math alphabet `\mathit' in version `bold'
(Font)                  OT1/cmr/bx/it --> OT1/ptm/m/it on input line 35.
LaTeX Info: Redefining \hbar on input line 50.
)
(/opt/homebrew/Cellar/texlive/20260301/share/texmf-dist/tex/latex/psnfss/courie
r.sty
Package: courier 2020/03/25 PSNFSS-v9.3 (WaS) 
)
(/opt/homebrew/Cellar/texlive/20260301/share/texmf-dist/tex/latex/fancyhdr/fanc
yhdr.sty
Package: fancyhdr 2025/02/07 v5.2 Extensive control of page headers and footers

\f@nch@headwidth=\skip51
\f@nch@offset@elh=\skip52
\f@nch@offset@erh=\skip53
\f@nch@offset@olh=\skip54
\f@nch@offset@orh=\skip55
\f@nch@offset@elf=\skip56
\f@nch@offset@erf=\skip57
\f@nch@offset@olf=\skip58
\f@nch@offset@orf=\skip59
\f@nch@height=\skip60
\f@nch@footalignment=\skip61
\f@nch@widthL=\skip62
\f@nch@widthC=\skip63
\f@nch@widthR=\skip64
\@temptokenb=\toks19
)
(/opt/homebrew/Cellar/texlive/20260301/share/texmf-dist/tex/latex/titlesec/titl
esec.sty
Package: titlesec 2025/01/04 v2.17 Sectioning titles
\ttl@box=\box53
\beforetitleunit=\skip65
\aftertitleunit=\skip66
\ttl@plus=\dimen157
\ttl@minus=\dimen158
\ttl@toksa=\toks20
\titlewidth=\dimen159
\titlewidthlast=\dimen160
\titlewidthfirst=\dimen161
)
(/opt/homebrew/Cellar/texlive/20260301/share/texmf-dist/tex/latex/amsmath/amsma
th.sty
Package: amsmath 2025/07/09 v2.17z AMS math features
\@mathmargin=\skip67

For additional information on amsmath, use the `?' option.

(/opt/homebrew/Cellar/texlive/20260301/share/texmf-dist/tex/latex/amsmath/amste
xt.sty
Package: amstext 2024/11/17 v2.01 AMS text

(/opt/homebrew/Cellar/texlive/20260301/share/texmf-dist/tex/latex/amsmath/amsge
n.sty
File: amsgen.sty 1999/11/30 v2.0 generic functions
\@emptytoks=\toks21
\ex@=\dimen162
))
(/opt/homebrew/Cellar/texlive/20260301/share/texmf-dist/tex/latex/amsmath/amsbs
y.sty
Package: amsbsy 1999/11/29 v1.2d Bold Symbols
\pmbraise@=\dimen163
)
(/opt/homebrew/Cellar/texlive/20260301/share/texmf-dist/tex/latex/amsmath/amsop
n.sty
Package: amsopn 2022/04/08 v2.04 operator names
)
\inf@bad=\count287
LaTeX Info: Redefining \frac on input line 233.
\uproot@=\count288
\leftroot@=\count289
LaTeX Info: Redefining \overline on input line 398.
LaTeX Info: Redefining \colon on input line 409.
\classnum@=\count290
\DOTSCASE@=\count291
LaTeX Info: Redefining \ldots on input line 495.
LaTeX Info: Redefining \dots on input line 498.
LaTeX Info: Redefining \cdots on input line 619.
\Mathstrutbox@=\box54
\strutbox@=\box55
LaTeX Info: Redefining \big on input line 721.
LaTeX Info: Redefining \Big on input line 722.
LaTeX Info: Redefining \bigg on input line 723.
LaTeX Info: Redefining \Bigg on input line 724.
\big@size=\dimen164
LaTeX Font Info:    Redeclaring font encoding OML on input line 742.
LaTeX Font Info:    Redeclaring font encoding OMS on input line 743.
\macc@depth=\count292
LaTeX Info: Redefining \bmod on input line 904.
LaTeX Info: Redefining \pmod on input line 909.
LaTeX Info: Redefining \smash on input line 939.
LaTeX Info: Redefining \relbar on input line 969.
LaTeX Info: Redefining \Relbar on input line 970.
\c@MaxMatrixCols=\count293
\dotsspace@=\muskip17
\c@parentequation=\count294
\dspbrk@lvl=\count295
\tag@help=\toks22
\row@=\count296
\column@=\count297
\maxfields@=\count298
\andhelp@=\toks23
\eqnshift@=\dimen165
\alignsep@=\dimen166
\tagshift@=\dimen167
\tagwidth@=\dimen168
\totwidth@=\dimen169
\lineht@=\dimen170
\@envbody=\toks24
\multlinegap=\skip68
\multlinetaggap=\skip69
\mathdisplay@stack=\toks25
LaTeX Info: Redefining \[ on input line 2950.
LaTeX Info: Redefining \] on input line 2951.
)
(/opt/homebrew/Cellar/texlive/20260301/share/texmf-dist/tex/latex/amsfonts/amss
ymb.sty
Package: amssymb 2013/01/14 v3.01 AMS font symbols

(/opt/homebrew/Cellar/texlive/20260301/share/texmf-dist/tex/latex/amsfonts/amsf
onts.sty
Package: amsfonts 2013/01/14 v3.01 Basic AMSFonts support
\symAMSa=\mathgroup6
\symAMSb=\mathgroup7
LaTeX Font Info:    Overwriting math alphabet `\mathfrak' in version `bold'
(Font)                  U/euf/m/n --> U/euf/b/n on input line 106.
))
(/opt/homebrew/Cellar/texlive/20260301/share/texmf-dist/tex/latex/amscls/amsthm
.sty
Package: amsthm 2020/05/29 v2.20.6
\thm@style=\toks26
\thm@bodyfont=\toks27
\thm@headfont=\toks28
\thm@notefont=\toks29
\thm@headpunct=\toks30
\thm@preskip=\skip70
\thm@postskip=\skip71
\thm@headsep=\skip72
\dth@everypar=\toks31
)
\c@theorem=\count299
\c@definition=\count300
\c@lemma=\count301
\c@corollary=\count302
\c@example=\count303

(/opt/homebrew/Cellar/texlive/20260301/share/texmf-dist/tex/latex/tcolorbox/tco
lorbox.sty
Package: tcolorbox 2025/11/28 version 6.9.0 text color boxes

(/opt/homebrew/Cellar/texlive/20260301/share/texmf-dist/tex/latex/pgf/frontendl
ayer/tikz.sty
(/opt/homebrew/Cellar/texlive/20260301/share/texmf-dist/tex/latex/pgf/basiclaye
r/pgf.sty
(/opt/homebrew/Cellar/texlive/20260301/share/texmf-dist/tex/latex/pgf/utilities
/pgfrcs.sty
(/opt/homebrew/Cellar/texlive/20260301/share/texmf-dist/tex/generic/pgf/utiliti
es/pgfutil-common.tex
\pgfutil@everybye=\toks32
\pgfutil@tempdima=\dimen171
\pgfutil@tempdimb=\dimen172
)
(/opt/homebrew/Cellar/texlive/20260301/share/texmf-dist/tex/generic/pgf/utiliti
es/pgfutil-latex.def
\pgfutil@abb=\box56
)
(/opt/homebrew/Cellar/texlive/20260301/share/texmf-dist/tex/generic/pgf/utiliti
es/pgfrcs.code.tex
(/opt/homebrew/Cellar/texlive/20260301/share/texmf-dist/tex/generic/pgf/pgf.rev
ision.tex)
Package: pgfrcs 2025-08-29 v3.1.11a (3.1.11a)
))
Package: pgf 2025-08-29 v3.1.11a (3.1.11a)

(/opt/homebrew/Cellar/texlive/20260301/share/texmf-dist/tex/latex/pgf/basiclaye
r/pgfcore.sty
(/opt/homebrew/Cellar/texlive/20260301/share/texmf-dist/tex/latex/graphics/grap
hicx.sty
Package: graphicx 2024/12/31 v1.2e Enhanced LaTeX Graphics (DPC,SPQR)

(/opt/homebrew/Cellar/texlive/20260301/share/texmf-dist/tex/latex/graphics/grap
hics.sty
Package: graphics 2024/08/06 v1.4g Standard LaTeX Graphics (DPC,SPQR)

(/opt/homebrew/Cellar/texlive/20260301/share/texmf-dist/tex/latex/graphics/trig
.sty
Package: trig 2023/12/02 v1.11 sin cos tan (DPC)
)
(/opt/homebrew/Cellar/texlive/20260301/share/texmf-dist/tex/latex/graphics-cfg/
graphics.cfg
File: graphics.cfg 2016/06/04 v1.11 sample graphics configuration
)
Package graphics Info: Driver file: pdftex.def on input line 106.

(/opt/homebrew/Cellar/texlive/20260301/share/texmf-dist/tex/latex/graphics-def/
pdftex.def
File: pdftex.def 2025/09/29 v1.2d Graphics/color driver for pdftex
))
\Gin@req@height=\dimen173
\Gin@req@width=\dimen174
)
(/opt/homebrew/Cellar/texlive/20260301/share/texmf-dist/tex/latex/pgf/systemlay
er/pgfsys.sty
(/opt/homebrew/Cellar/texlive/20260301/share/texmf-dist/tex/generic/pgf/systeml
ayer/pgfsys.code.tex
Package: pgfsys 2025-08-29 v3.1.11a (3.1.11a)

(/opt/homebrew/Cellar/texlive/20260301/share/texmf-dist/tex/generic/pgf/utiliti
es/pgfkeys.code.tex
\pgfkeys@pathtoks=\toks33
\pgfkeys@temptoks=\toks34

(/opt/homebrew/Cellar/texlive/20260301/share/texmf-dist/tex/generic/pgf/utiliti
es/pgfkeyslibraryfiltered.code.tex
\pgfkeys@tmptoks=\toks35
))
\pgf@x=\dimen175
\pgf@y=\dimen176
\pgf@xa=\dimen177
\pgf@ya=\dimen178
\pgf@xb=\dimen179
\pgf@yb=\dimen180
\pgf@xc=\dimen181
\pgf@yc=\dimen182
\pgf@xd=\dimen183
\pgf@yd=\dimen184
\w@pgf@writea=\write3
\r@pgf@reada=\read2
\c@pgf@counta=\count304
\c@pgf@countb=\count305
\c@pgf@countc=\count306
\c@pgf@countd=\count307
\t@pgf@toka=\toks36
\t@pgf@tokb=\toks37
\t@pgf@tokc=\toks38
\pgf@sys@id@count=\count308

(/opt/homebrew/Cellar/texlive/20260301/share/texmf-dist/tex/generic/pgf/systeml
ayer/pgf.cfg
File: pgf.cfg 2025-08-29 v3.1.11a (3.1.11a)
)
Driver file for pgf: pgfsys-pdftex.def

(/opt/homebrew/Cellar/texlive/20260301/share/texmf-dist/tex/generic/pgf/systeml
ayer/pgfsys-pdftex.def
File: pgfsys-pdftex.def 2025-08-29 v3.1.11a (3.1.11a)

(/opt/homebrew/Cellar/texlive/20260301/share/texmf-dist/tex/generic/pgf/systeml
ayer/pgfsys-common-pdf.def
File: pgfsys-common-pdf.def 2025-08-29 v3.1.11a (3.1.11a)
)))
(/opt/homebrew/Cellar/texlive/20260301/share/texmf-dist/tex/generic/pgf/systeml
ayer/pgfsyssoftpath.code.tex
File: pgfsyssoftpath.code.tex 2025-08-29 v3.1.11a (3.1.11a)
\pgfsyssoftpath@smallbuffer@items=\count309
\pgfsyssoftpath@bigbuffer@items=\count310
)
(/opt/homebrew/Cellar/texlive/20260301/share/texmf-dist/tex/generic/pgf/systeml
ayer/pgfsysprotocol.code.tex
File: pgfsysprotocol.code.tex 2025-08-29 v3.1.11a (3.1.11a)
))
(/opt/homebrew/Cellar/texlive/20260301/share/texmf-dist/tex/latex/xcolor/xcolor
.sty
Package: xcolor 2024/09/29 v3.02 LaTeX color extensions (UK)

(/opt/homebrew/Cellar/texlive/20260301/share/texmf-dist/tex/latex/graphics-cfg/
color.cfg
File: color.cfg 2016/01/02 v1.6 sample color configuration
)
Package xcolor Info: Driver file: pdftex.def on input line 274.

(/opt/homebrew/Cellar/texlive/20260301/share/texmf-dist/tex/latex/graphics/math
color.ltx)
Package xcolor Info: Model `cmy' substituted by `cmy0' on input line 1349.
Package xcolor Info: Model `hsb' substituted by `rgb' on input line 1353.
Package xcolor Info: Model `RGB' extended on input line 1365.
Package xcolor Info: Model `HTML' substituted by `rgb' on input line 1367.
Package xcolor Info: Model `Hsb' substituted by `hsb' on input line 1368.
Package xcolor Info: Model `tHsb' substituted by `hsb' on input line 1369.
Package xcolor Info: Model `HSB' substituted by `hsb' on input line 1370.
Package xcolor Info: Model `Gray' substituted by `gray' on input line 1371.
Package xcolor Info: Model `wave' substituted by `hsb' on input line 1372.
)
(/opt/homebrew/Cellar/texlive/20260301/share/texmf-dist/tex/generic/pgf/basicla
yer/pgfcore.code.tex
Package: pgfcore 2025-08-29 v3.1.11a (3.1.11a)

(/opt/homebrew/Cellar/texlive/20260301/share/texmf-dist/tex/generic/pgf/math/pg
fmath.code.tex
(/opt/homebrew/Cellar/texlive/20260301/share/texmf-dist/tex/generic/pgf/math/pg
fmathutil.code.tex)
(/opt/homebrew/Cellar/texlive/20260301/share/texmf-dist/tex/generic/pgf/math/pg
fmathparser.code.tex
\pgfmath@dimen=\dimen185
\pgfmath@count=\count311
\pgfmath@box=\box57
\pgfmath@toks=\toks39
\pgfmath@stack@operand=\toks40
\pgfmath@stack@operation=\toks41
)
(/opt/homebrew/Cellar/texlive/20260301/share/texmf-dist/tex/generic/pgf/math/pg
fmathfunctions.code.tex)
(/opt/homebrew/Cellar/texlive/20260301/share/texmf-dist/tex/generic/pgf/math/pg
fmathfunctions.basic.code.tex)
(/opt/homebrew/Cellar/texlive/20260301/share/texmf-dist/tex/generic/pgf/math/pg
fmathfunctions.trigonometric.code.tex)
(/opt/homebrew/Cellar/texlive/20260301/share/texmf-dist/tex/generic/pgf/math/pg
fmathfunctions.random.code.tex)
(/opt/homebrew/Cellar/texlive/20260301/share/texmf-dist/tex/generic/pgf/math/pg
fmathfunctions.comparison.code.tex)
(/opt/homebrew/Cellar/texlive/20260301/share/texmf-dist/tex/generic/pgf/math/pg
fmathfunctions.base.code.tex)
(/opt/homebrew/Cellar/texlive/20260301/share/texmf-dist/tex/generic/pgf/math/pg
fmathfunctions.round.code.tex)
(/opt/homebrew/Cellar/texlive/20260301/share/texmf-dist/tex/generic/pgf/math/pg
fmathfunctions.misc.code.tex)
(/opt/homebrew/Cellar/texlive/20260301/share/texmf-dist/tex/generic/pgf/math/pg
fmathfunctions.integerarithmetics.code.tex)
(/opt/homebrew/Cellar/texlive/20260301/share/texmf-dist/tex/generic/pgf/math/pg
fmathcalc.code.tex)
(/opt/homebrew/Cellar/texlive/20260301/share/texmf-dist/tex/generic/pgf/math/pg
fmathfloat.code.tex
\c@pgfmathroundto@lastzeros=\count312
))
(/opt/homebrew/Cellar/texlive/20260301/share/texmf-dist/tex/generic/pgf/math/pg
fint.code.tex)
(/opt/homebrew/Cellar/texlive/20260301/share/texmf-dist/tex/generic/pgf/basicla
yer/pgfcorepoints.code.tex
File: pgfcorepoints.code.tex 2025-08-29 v3.1.11a (3.1.11a)
\pgf@picminx=\dimen186
\pgf@picmaxx=\dimen187
\pgf@picminy=\dimen188
\pgf@picmaxy=\dimen189
\pgf@pathminx=\dimen190
\pgf@pathmaxx=\dimen191
\pgf@pathminy=\dimen192
\pgf@pathmaxy=\dimen193
\pgf@xx=\dimen194
\pgf@xy=\dimen195
\pgf@yx=\dimen196
\pgf@yy=\dimen197
\pgf@zx=\dimen198
\pgf@zy=\dimen199
)
(/opt/homebrew/Cellar/texlive/20260301/share/texmf-dist/tex/generic/pgf/basicla
yer/pgfcorepathconstruct.code.tex
File: pgfcorepathconstruct.code.tex 2025-08-29 v3.1.11a (3.1.11a)
\pgf@path@lastx=\dimen256
\pgf@path@lasty=\dimen257
)
(/opt/homebrew/Cellar/texlive/20260301/share/texmf-dist/tex/generic/pgf/basicla
yer/pgfcorepathusage.code.tex
File: pgfcorepathusage.code.tex 2025-08-29 v3.1.11a (3.1.11a)
\pgf@shorten@end@additional=\dimen258
\pgf@shorten@start@additional=\dimen259
)
(/opt/homebrew/Cellar/texlive/20260301/share/texmf-dist/tex/generic/pgf/basicla
yer/pgfcorescopes.code.tex
File: pgfcorescopes.code.tex 2025-08-29 v3.1.11a (3.1.11a)
\pgfpic=\box58
\pgf@hbox=\box59
\pgf@layerbox@main=\box60
\pgf@picture@serial@count=\count313
)
(/opt/homebrew/Cellar/texlive/20260301/share/texmf-dist/tex/generic/pgf/basicla
yer/pgfcoregraphicstate.code.tex
File: pgfcoregraphicstate.code.tex 2025-08-29 v3.1.11a (3.1.11a)
\pgflinewidth=\dimen260
)
(/opt/homebrew/Cellar/texlive/20260301/share/texmf-dist/tex/generic/pgf/basicla
yer/pgfcoretransformations.code.tex
File: pgfcoretransformations.code.tex 2025-08-29 v3.1.11a (3.1.11a)
\pgf@pt@x=\dimen261
\pgf@pt@y=\dimen262
\pgf@pt@temp=\dimen263
)
(/opt/homebrew/Cellar/texlive/20260301/share/texmf-dist/tex/generic/pgf/basicla
yer/pgfcorequick.code.tex
File: pgfcorequick.code.tex 2025-08-29 v3.1.11a (3.1.11a)
)
(/opt/homebrew/Cellar/texlive/20260301/share/texmf-dist/tex/generic/pgf/basicla
yer/pgfcoreobjects.code.tex
File: pgfcoreobjects.code.tex 2025-08-29 v3.1.11a (3.1.11a)
)
(/opt/homebrew/Cellar/texlive/20260301/share/texmf-dist/tex/generic/pgf/basicla
yer/pgfcorepathprocessing.code.tex
File: pgfcorepathprocessing.code.tex 2025-08-29 v3.1.11a (3.1.11a)
)
(/opt/homebrew/Cellar/texlive/20260301/share/texmf-dist/tex/generic/pgf/basicla
yer/pgfcorearrows.code.tex
File: pgfcorearrows.code.tex 2025-08-29 v3.1.11a (3.1.11a)
\pgfarrowsep=\dimen264
)
(/opt/homebrew/Cellar/texlive/20260301/share/texmf-dist/tex/generic/pgf/basicla
yer/pgfcoreshade.code.tex
File: pgfcoreshade.code.tex 2025-08-29 v3.1.11a (3.1.11a)
\pgf@max=\dimen265
\pgf@sys@shading@range@num=\count314
\pgf@shadingcount=\count315
)
(/opt/homebrew/Cellar/texlive/20260301/share/texmf-dist/tex/generic/pgf/basicla
yer/pgfcoreimage.code.tex
File: pgfcoreimage.code.tex 2025-08-29 v3.1.11a (3.1.11a)
)
(/opt/homebrew/Cellar/texlive/20260301/share/texmf-dist/tex/generic/pgf/basicla
yer/pgfcoreexternal.code.tex
File: pgfcoreexternal.code.tex 2025-08-29 v3.1.11a (3.1.11a)
\pgfexternal@startupbox=\box61
)
(/opt/homebrew/Cellar/texlive/20260301/share/texmf-dist/tex/generic/pgf/basicla
yer/pgfcorelayers.code.tex
File: pgfcorelayers.code.tex 2025-08-29 v3.1.11a (3.1.11a)
)
(/opt/homebrew/Cellar/texlive/20260301/share/texmf-dist/tex/generic/pgf/basicla
yer/pgfcoretransparency.code.tex
File: pgfcoretransparency.code.tex 2025-08-29 v3.1.11a (3.1.11a)
)
(/opt/homebrew/Cellar/texlive/20260301/share/texmf-dist/tex/generic/pgf/basicla
yer/pgfcorepatterns.code.tex
File: pgfcorepatterns.code.tex 2025-08-29 v3.1.11a (3.1.11a)
)
(/opt/homebrew/Cellar/texlive/20260301/share/texmf-dist/tex/generic/pgf/basicla
yer/pgfcorerdf.code.tex
File: pgfcorerdf.code.tex 2025-08-29 v3.1.11a (3.1.11a)
)))
(/opt/homebrew/Cellar/texlive/20260301/share/texmf-dist/tex/generic/pgf/modules
/pgfmoduleshapes.code.tex
File: pgfmoduleshapes.code.tex 2025-08-29 v3.1.11a (3.1.11a)
\pgfnodeparttextbox=\box62
)
(/opt/homebrew/Cellar/texlive/20260301/share/texmf-dist/tex/generic/pgf/modules
/pgfmoduleplot.code.tex
File: pgfmoduleplot.code.tex 2025-08-29 v3.1.11a (3.1.11a)
)
(/opt/homebrew/Cellar/texlive/20260301/share/texmf-dist/tex/latex/pgf/compatibi
lity/pgfcomp-version-0-65.sty
Package: pgfcomp-version-0-65 2025-08-29 v3.1.11a (3.1.11a)
\pgf@nodesepstart=\dimen266
\pgf@nodesepend=\dimen267
)
(/opt/homebrew/Cellar/texlive/20260301/share/texmf-dist/tex/latex/pgf/compatibi
lity/pgfcomp-version-1-18.sty
Package: pgfcomp-version-1-18 2025-08-29 v3.1.11a (3.1.11a)
))
(/opt/homebrew/Cellar/texlive/20260301/share/texmf-dist/tex/latex/pgf/utilities
/pgffor.sty
(/opt/homebrew/Cellar/texlive/20260301/share/texmf-dist/tex/latex/pgf/utilities
/pgfkeys.sty
(/opt/homebrew/Cellar/texlive/20260301/share/texmf-dist/tex/generic/pgf/utiliti
es/pgfkeys.code.tex))
(/opt/homebrew/Cellar/texlive/20260301/share/texmf-dist/tex/latex/pgf/math/pgfm
ath.sty
(/opt/homebrew/Cellar/texlive/20260301/share/texmf-dist/tex/generic/pgf/math/pg
fmath.code.tex))
(/opt/homebrew/Cellar/texlive/20260301/share/texmf-dist/tex/generic/pgf/utiliti
es/pgffor.code.tex
Package: pgffor 2025-08-29 v3.1.11a (3.1.11a)
\pgffor@iter=\dimen268
\pgffor@skip=\dimen269
\pgffor@stack=\toks42
\pgffor@toks=\toks43
))
(/opt/homebrew/Cellar/texlive/20260301/share/texmf-dist/tex/generic/pgf/fronten
dlayer/tikz/tikz.code.tex
Package: tikz 2025-08-29 v3.1.11a (3.1.11a)

(/opt/homebrew/Cellar/texlive/20260301/share/texmf-dist/tex/generic/pgf/librari
es/pgflibraryplothandlers.code.tex
File: pgflibraryplothandlers.code.tex 2025-08-29 v3.1.11a (3.1.11a)
\pgf@plot@mark@count=\count316
\pgfplotmarksize=\dimen270
)
\tikz@lastx=\dimen271
\tikz@lasty=\dimen272
\tikz@lastxsaved=\dimen273
\tikz@lastysaved=\dimen274
\tikz@lastmovetox=\dimen275
\tikz@lastmovetoy=\dimen276
\tikzleveldistance=\dimen277
\tikzsiblingdistance=\dimen278
\tikz@figbox=\box63
\tikz@figbox@bg=\box64
\tikz@tempbox=\box65
\tikz@tempbox@bg=\box66
\tikztreelevel=\count317
\tikznumberofchildren=\count318
\tikznumberofcurrentchild=\count319
\tikz@fig@count=\count320

(/opt/homebrew/Cellar/texlive/20260301/share/texmf-dist/tex/generic/pgf/modules
/pgfmodulematrix.code.tex
File: pgfmodulematrix.code.tex 2025-08-29 v3.1.11a (3.1.11a)
\pgfmatrixcurrentrow=\count321
\pgfmatrixcurrentcolumn=\count322
\pgf@matrix@numberofcolumns=\count323
)
\tikz@expandcount=\count324

(/opt/homebrew/Cellar/texlive/20260301/share/texmf-dist/tex/generic/pgf/fronten
dlayer/tikz/libraries/tikzlibrarytopaths.code.tex
File: tikzlibrarytopaths.code.tex 2025-08-29 v3.1.11a (3.1.11a)
)))
(/opt/homebrew/Cellar/texlive/20260301/share/texmf-dist/tex/latex/tools/verbati
m.sty
Package: verbatim 2024-01-22 v1.5x LaTeX2e package for verbatim enhancements
\every@verbatim=\toks44
\verbatim@line=\toks45
\verbatim@in@stream=\read3
)
(/opt/homebrew/Cellar/texlive/20260301/share/texmf-dist/tex/latex/environ/envir
on.sty
Package: environ 2014/05/04 v0.3 A new way to define environments

(/opt/homebrew/Cellar/texlive/20260301/share/texmf-dist/tex/latex/trimspaces/tr
imspaces.sty
Package: trimspaces 2009/09/17 v1.1 Trim spaces around a token list
))
(/opt/homebrew/Cellar/texlive/20260301/share/texmf-dist/tex/latex/etoolbox/etoo
lbox.sty
Package: etoolbox 2025/10/02 v2.5m e-TeX tools for LaTeX (JAW)
\etb@tempcnta=\count325
)
\tcb@titlebox=\box67
\tcb@upperbox=\box68
\tcb@lowerbox=\box69
\tcb@phantombox=\box70
\c@tcbbreakpart=\count326
\c@tcblayer=\count327
\c@tcolorbox@number=\count328
\l__tcobox_tmpa_box=\box71
\l__tcobox_tmpa_dim=\dimen279
\tcb@temp=\box72
\tcb@temp=\box73
\tcb@temp=\box74
\tcb@temp=\box75
)
(/opt/homebrew/Cellar/texlive/20260301/share/texmf-dist/tex/latex/tcolorbox/tcb
skins.code.tex
Library (tcolorbox): 'tcbskins.code.tex' version '6.9.0'

(/opt/homebrew/Cellar/texlive/20260301/share/texmf-dist/tex/latex/tikzfill/tikz
fill.image.sty
Package: tikzfill.image 2023/08/08 v1.0.1 Image filling library for TikZ

(/opt/homebrew/Cellar/texlive/20260301/share/texmf-dist/tex/latex/tikzfill/tikz
fill-common.sty
Package: tikzfill-common 2023/08/08 v1.0.1 Auxiliary code for tikzfill
)
(/opt/homebrew/Cellar/texlive/20260301/share/texmf-dist/tex/latex/tikzfill/tikz
libraryfill.image.code.tex
File: tikzlibraryfill.image.code.tex 2023/08/08 v1.0.1 Image filling library
\l__tikzfill_img_box=\box76
))
(/opt/homebrew/Cellar/texlive/20260301/share/texmf-dist/tex/latex/tcolorbox/tcb
skinsjigsaw.code.tex
Library (tcolorbox): 'tcbskinsjigsaw.code.tex' version '6.9.0'
))
(/opt/homebrew/Cellar/texlive/20260301/share/texmf-dist/tex/latex/tcolorbox/tcb
xparse.code.tex
Library (tcolorbox): 'tcbxparse.code.tex' version '6.9.0'

(/opt/homebrew/Cellar/texlive/20260301/share/texmf-dist/tex/latex/l3packages/xp
arse/xparse.sty
(/opt/homebrew/Cellar/texlive/20260301/share/texmf-dist/tex/latex/l3kernel/expl
3.sty
Package: expl3 2026-01-19 L3 programming layer (loader) 

(/opt/homebrew/Cellar/texlive/20260301/share/texmf-dist/tex/latex/l3backend/l3b
ackend-pdftex.def
File: l3backend-pdftex.def 2025-10-09 L3 backend support: PDF output (pdfTeX)
\l__color_backend_stack_int=\count329
))
Package: xparse 2025-10-09 L3 Experimental document command parser
))
\c@tcb@cnt@examplebox=\count330
\c@algorithm=\count331

(/opt/homebrew/Cellar/texlive/20260301/share/texmf-dist/tex/latex/listings/list
ings.sty
\lst@mode=\count332
\lst@gtempboxa=\box77
\lst@token=\toks46
\lst@length=\count333
\lst@currlwidth=\dimen280
\lst@column=\count334
\lst@pos=\count335
\lst@lostspace=\dimen281
\lst@width=\dimen282
\lst@newlines=\count336
\lst@lineno=\count337
\lst@maxwidth=\dimen283

(/opt/homebrew/Cellar/texlive/20260301/share/texmf-dist/tex/latex/listings/lstp
atch.sty
File: lstpatch.sty 2025/11/14 1.11b (Carsten Heinz)
)
(/opt/homebrew/Cellar/texlive/20260301/share/texmf-dist/tex/latex/listings/lstm
isc.sty
File: lstmisc.sty 2025/11/14 1.11b (Carsten Heinz)
\c@lstnumber=\count338
\lst@skipnumbers=\count339
\lst@framebox=\box78
)
(/opt/homebrew/Cellar/texlive/20260301/share/texmf-dist/tex/latex/listings/list
ings.cfg
File: listings.cfg 2025/11/14 1.11b listings configuration
))
Package: listings 2025/11/14 1.11b (Carsten Heinz)

==> First Aid for listings.sty no longer applied!
    Expected:
        2024/09/23 1.10c (Carsten Heinz)
    but found:
        2025/11/14 1.11b (Carsten Heinz)
    so I'm assuming it got fixed.

(/opt/homebrew/Cellar/texlive/20260301/share/texmf-dist/tex/latex/listings/lstl
ang1.sty
File: lstlang1.sty 2025/11/14 1.11b listings language file
)
(/opt/homebrew/Cellar/texlive/20260301/share/texmf-dist/tex/latex/listings/lstl
ang1.sty
File: lstlang1.sty 2025/11/14 1.11b listings language file
)
(/opt/homebrew/Cellar/texlive/20260301/share/texmf-dist/tex/latex/listings/lstm
isc.sty
File: lstmisc.sty 2025/11/14 1.11b (Carsten Heinz)
)
(/opt/homebrew/Cellar/texlive/20260301/share/texmf-dist/tex/latex/caption/capti
on.sty
Package: caption 2023/08/05 v3.6o Customizing captions (AR)

(/opt/homebrew/Cellar/texlive/20260301/share/texmf-dist/tex/latex/caption/capti
on3.sty
Package: caption3 2023/07/31 v2.4d caption3 kernel (AR)
\caption@tempdima=\dimen284
\captionmargin=\dimen285
\caption@leftmargin=\dimen286
\caption@rightmargin=\dimen287
\caption@width=\dimen288
\caption@indent=\dimen289
\caption@parindent=\dimen290
\caption@hangindent=\dimen291
Package caption Info: Standard document class detected.
)
\c@caption@flags=\count340
\c@continuedfloat=\count341
Package caption Info: listings package is loaded.
)
(/opt/homebrew/Cellar/texlive/20260301/share/texmf-dist/tex/latex/booktabs/book
tabs.sty
Package: booktabs 2020/01/12 v1.61803398 Publication quality tables
\heavyrulewidth=\dimen292
\lightrulewidth=\dimen293
\cmidrulewidth=\dimen294
\belowrulesep=\dimen295
\belowbottomsep=\dimen296
\aboverulesep=\dimen297
\abovetopsep=\dimen298
\cmidrulesep=\dimen299
\cmidrulekern=\dimen300
\defaultaddspace=\dimen301
\@cmidla=\count342
\@cmidlb=\count343
\@aboverulesep=\dimen302
\@belowrulesep=\dimen303
\@thisruleclass=\count344
\@lastruleclass=\count345
\@thisrulewidth=\dimen304
)
(/opt/homebrew/Cellar/texlive/20260301/share/texmf-dist/tex/latex/tools/array.s
ty
Package: array 2025/09/25 v2.6n Tabular extension package (FMi)
\col@sep=\dimen305
\ar@mcellbox=\box79
\extrarowheight=\dimen306
\NC@list=\toks47
\extratabsurround=\skip73
\backup@length=\skip74
\ar@cellbox=\box80
)
(/opt/homebrew/Cellar/texlive/20260301/share/texmf-dist/tex/generic/pgf/fronten
dlayer/tikz/libraries/tikzlibraryshapes.geometric.code.tex
File: tikzlibraryshapes.geometric.code.tex 2025-08-29 v3.1.11a (3.1.11a)

(/opt/homebrew/Cellar/texlive/20260301/share/texmf-dist/tex/generic/pgf/librari
es/shapes/pgflibraryshapes.geometric.code.tex
File: pgflibraryshapes.geometric.code.tex 2025-08-29 v3.1.11a (3.1.11a)
))
(/opt/homebrew/Cellar/texlive/20260301/share/texmf-dist/tex/generic/pgf/fronten
dlayer/tikz/libraries/tikzlibraryarrows.code.tex
File: tikzlibraryarrows.code.tex 2025-08-29 v3.1.11a (3.1.11a)

(/opt/homebrew/Cellar/texlive/20260301/share/texmf-dist/tex/generic/pgf/librari
es/pgflibraryarrows.code.tex
File: pgflibraryarrows.code.tex 2025-08-29 v3.1.11a (3.1.11a)
\arrowsize=\dimen307
))
(/opt/homebrew/Cellar/texlive/20260301/share/texmf-dist/tex/generic/pgf/fronten
dlayer/tikz/libraries/tikzlibrarypositioning.code.tex
File: tikzlibrarypositioning.code.tex 2025-08-29 v3.1.11a (3.1.11a)
)
(/opt/homebrew/Cellar/texlive/20260301/share/texmf-dist/tex/generic/pgf/fronten
dlayer/tikz/libraries/tikzlibraryfit.code.tex
File: tikzlibraryfit.code.tex 2025-08-29 v3.1.11a (3.1.11a)
)
(/opt/homebrew/Cellar/texlive/20260301/share/texmf-dist/tex/generic/pgf/fronten
dlayer/tikz/libraries/tikzlibrarycalc.code.tex
File: tikzlibrarycalc.code.tex 2025-08-29 v3.1.11a (3.1.11a)
)
(/opt/homebrew/Cellar/texlive/20260301/share/texmf-dist/tex/generic/pgf/fronten
dlayer/tikz/libraries/tikzlibrarytrees.code.tex
File: tikzlibrarytrees.code.tex 2025-08-29 v3.1.11a (3.1.11a)
)
(/opt/homebrew/Cellar/texlive/20260301/share/texmf-dist/tex/generic/pgf/fronten
dlayer/tikz/libraries/graphs/tikzlibrarygraphs.code.tex
File: tikzlibrarygraphs.code.tex 2025-08-29 v3.1.11a (3.1.11a)
\tikz@lib@auto@number=\count346
\tikz@qnode@count=\count347
)
(/opt/homebrew/Cellar/texlive/20260301/share/texmf-dist/tex/generic/pgf/fronten
dlayer/tikz/libraries/tikzlibrarymatrix.code.tex
File: tikzlibrarymatrix.code.tex 2025-08-29 v3.1.11a (3.1.11a)
)
(/opt/homebrew/Cellar/texlive/20260301/share/texmf-dist/tex/generic/pgf/fronten
dlayer/tikz/libraries/tikzlibrarypatterns.code.tex
File: tikzlibrarypatterns.code.tex 2025-08-29 v3.1.11a (3.1.11a)

(/opt/homebrew/Cellar/texlive/20260301/share/texmf-dist/tex/generic/pgf/librari
es/pgflibrarypatterns.code.tex
File: pgflibrarypatterns.code.tex 2025-08-29 v3.1.11a (3.1.11a)
))
(/opt/homebrew/Cellar/texlive/20260301/share/texmf-dist/tex/generic/pgf/fronten
dlayer/tikz/libraries/tikzlibrarydecorations.pathreplacing.code.tex
(/opt/homebrew/Cellar/texlive/20260301/share/texmf-dist/tex/generic/pgf/fronten
dlayer/tikz/libraries/tikzlibrarydecorations.code.tex
(/opt/homebrew/Cellar/texlive/20260301/share/texmf-dist/tex/generic/pgf/modules
/pgfmoduledecorations.code.tex
\pgfdecoratedcompleteddistance=\dimen308
\pgfdecoratedremainingdistance=\dimen309
\pgfdecoratedinputsegmentcompleteddistance=\dimen310
\pgfdecoratedinputsegmentremainingdistance=\dimen311
\pgf@decorate@distancetomove=\dimen312
\pgf@decorate@repeatstate=\count348
\pgfdecorationsegmentamplitude=\dimen313
\pgfdecorationsegmentlength=\dimen314
)
\tikz@lib@dec@box=\box81
)
(/opt/homebrew/Cellar/texlive/20260301/share/texmf-dist/tex/generic/pgf/librari
es/decorations/pgflibrarydecorations.pathreplacing.code.tex))
(/opt/homebrew/Cellar/texlive/20260301/share/texmf-dist/tex/generic/pgf/fronten
dlayer/tikz/libraries/tikzlibrarybackgrounds.code.tex
File: tikzlibrarybackgrounds.code.tex 2025-08-29 v3.1.11a (3.1.11a)
\pgf@layerbox@background=\box82
\pgf@layerboxsaved@background=\box83
)
(/opt/homebrew/Cellar/texlive/20260301/share/texmf-dist/tex/generic/pgf/fronten
dlayer/tikz/libraries/tikzlibraryshadows.code.tex
File: tikzlibraryshadows.code.tex 2025-08-29 v3.1.11a (3.1.11a)

(/opt/homebrew/Cellar/texlive/20260301/share/texmf-dist/tex/generic/pgf/fronten
dlayer/tikz/libraries/tikzlibraryfadings.code.tex
File: tikzlibraryfadings.code.tex 2025-08-29 v3.1.11a (3.1.11a)

(/opt/homebrew/Cellar/texlive/20260301/share/texmf-dist/tex/generic/pgf/librari
es/pgflibraryfadings.code.tex
File: pgflibraryfadings.code.tex 2025-08-29 v3.1.11a (3.1.11a)
)))
(/opt/homebrew/Cellar/texlive/20260301/share/texmf-dist/tex/latex/hyperref/hype
rref.sty
Package: hyperref 2026-01-29 v7.01p Hypertext links for LaTeX

(/opt/homebrew/Cellar/texlive/20260301/share/texmf-dist/tex/latex/kvsetkeys/kvs
etkeys.sty
Package: kvsetkeys 2022-10-05 v1.19 Key value parser (HO)
)
(/opt/homebrew/Cellar/texlive/20260301/share/texmf-dist/tex/generic/kvdefinekey
s/kvdefinekeys.sty
Package: kvdefinekeys 2019-12-19 v1.6 Define keys (HO)
)
(/opt/homebrew/Cellar/texlive/20260301/share/texmf-dist/tex/generic/pdfescape/p
dfescape.sty
Package: pdfescape 2019/12/09 v1.15 Implements pdfTeX's escape features (HO)

(/opt/homebrew/Cellar/texlive/20260301/share/texmf-dist/tex/generic/ltxcmds/ltx
cmds.sty
Package: ltxcmds 2023-12-04 v1.26 LaTeX kernel commands for general use (HO)
)
(/opt/homebrew/Cellar/texlive/20260301/share/texmf-dist/tex/generic/pdftexcmds/
pdftexcmds.sty
Package: pdftexcmds 2020-06-27 v0.33 Utility functions of pdfTeX for LuaTeX (HO
)

(/opt/homebrew/Cellar/texlive/20260301/share/texmf-dist/tex/generic/infwarerr/i
nfwarerr.sty
Package: infwarerr 2019/12/03 v1.5 Providing info/warning/error messages (HO)
)
Package pdftexcmds Info: \pdf@primitive is available.
Package pdftexcmds Info: \pdf@ifprimitive is available.
Package pdftexcmds Info: \pdfdraftmode found.
))
(/opt/homebrew/Cellar/texlive/20260301/share/texmf-dist/tex/latex/hycolor/hycol
or.sty
Package: hycolor 2020-01-27 v1.10 Color options for hyperref/bookmark (HO)
)
(/opt/homebrew/Cellar/texlive/20260301/share/texmf-dist/tex/latex/hyperref/name
ref.sty
Package: nameref 2026-01-29 v2.58 Cross-referencing by name of section

(/opt/homebrew/Cellar/texlive/20260301/share/texmf-dist/tex/latex/refcount/refc
ount.sty
Package: refcount 2019/12/15 v3.6 Data extraction from label references (HO)
)
(/opt/homebrew/Cellar/texlive/20260301/share/texmf-dist/tex/generic/gettitlestr
ing/gettitlestring.sty
Package: gettitlestring 2019/12/15 v1.6 Cleanup title references (HO)

(/opt/homebrew/Cellar/texlive/20260301/share/texmf-dist/tex/latex/kvoptions/kvo
ptions.sty
Package: kvoptions 2022-06-15 v3.15 Key value format for package options (HO)
))
\c@section@level=\count349
)
(/opt/homebrew/Cellar/texlive/20260301/share/texmf-dist/tex/generic/stringenc/s
tringenc.sty
Package: stringenc 2019/11/29 v1.12 Convert strings between diff. encodings (HO
)
)
\@linkdim=\dimen315
\Hy@linkcounter=\count350
\Hy@pagecounter=\count351

(/opt/homebrew/Cellar/texlive/20260301/share/texmf-dist/tex/latex/hyperref/pd1e
nc.def
File: pd1enc.def 2026-01-29 v7.01p Hyperref: PDFDocEncoding definition (HO)
Now handling font encoding PD1 ...
... no UTF-8 mapping file for font encoding PD1
)
(/opt/homebrew/Cellar/texlive/20260301/share/texmf-dist/tex/generic/intcalc/int
calc.sty
Package: intcalc 2019/12/15 v1.3 Expandable calculations with integers (HO)
)
\Hy@SavedSpaceFactor=\count352

(/opt/homebrew/Cellar/texlive/20260301/share/texmf-dist/tex/latex/hyperref/puen
c.def
File: puenc.def 2026-01-29 v7.01p Hyperref: PDF Unicode definition (HO)
Now handling font encoding PU ...
... no UTF-8 mapping file for font encoding PU
)
Package hyperref Info: Option `colorlinks' set `true' on input line 4072.
Package hyperref Info: Hyper figures OFF on input line 4201.
Package hyperref Info: Link nesting OFF on input line 4206.
Package hyperref Info: Hyper index ON on input line 4209.
Package hyperref Info: Plain pages OFF on input line 4216.
Package hyperref Info: Backreferencing OFF on input line 4221.
Package hyperref Info: Implicit mode ON; LaTeX internals redefined.
Package hyperref Info: Bookmarks ON on input line 4468.
\c@Hy@tempcnt=\count353

(/opt/homebrew/Cellar/texlive/20260301/share/texmf-dist/tex/latex/url/url.sty
\Urlmuskip=\muskip18
Package: url 2013/09/16  ver 3.4  Verb mode for urls, etc.
)
LaTeX Info: Redefining \url on input line 4807.
\XeTeXLinkMargin=\dimen316

(/opt/homebrew/Cellar/texlive/20260301/share/texmf-dist/tex/generic/bitset/bits
et.sty
Package: bitset 2019/12/09 v1.3 Handle bit-vector datatype (HO)

(/opt/homebrew/Cellar/texlive/20260301/share/texmf-dist/tex/generic/bigintcalc/
bigintcalc.sty
Package: bigintcalc 2019/12/15 v1.5 Expandable calculations on big integers (HO
)
))
\Fld@menulength=\count354
\Field@Width=\dimen317
\Fld@charsize=\dimen318
Package hyperref Info: Hyper figures OFF on input line 6084.
Package hyperref Info: Link nesting OFF on input line 6089.
Package hyperref Info: Hyper index ON on input line 6092.
Package hyperref Info: backreferencing OFF on input line 6099.
Package hyperref Info: Link coloring ON on input line 6102.
Package hyperref Info: Link coloring with OCG OFF on input line 6109.
Package hyperref Info: PDF/A mode OFF on input line 6114.
\Hy@abspage=\count355
\c@Item=\count356
\c@Hfootnote=\count357
)
Package hyperref Info: Driver (autodetected): hpdftex.

(/opt/homebrew/Cellar/texlive/20260301/share/texmf-dist/tex/latex/hyperref/hpdf
tex.def
File: hpdftex.def 2026-01-29 v7.01p Hyperref driver for pdfTeX
\Fld@listcount=\count358
\c@bookmark@seq@number=\count359

(/opt/homebrew/Cellar/texlive/20260301/share/texmf-dist/tex/latex/rerunfilechec
k/rerunfilecheck.sty
Package: rerunfilecheck 2025-06-21 v1.11 Rerun checks for auxiliary files (HO)

(/opt/homebrew/Cellar/texlive/20260301/share/texmf-dist/tex/generic/uniquecount
er/uniquecounter.sty
Package: uniquecounter 2019/12/15 v1.4 Provide unlimited unique counter (HO)
)
Package uniquecounter Info: New unique counter `rerunfilecheck' on input line 2
84.
)
\Hy@SectionHShift=\skip75
)
(/opt/homebrew/Cellar/texlive/20260301/share/texmf-dist/tex/latex/tocloft/toclo
ft.sty
Package: tocloft 2017/08/31 v2.3i parameterised ToC, etc., typesetting
Package tocloft Info: The document has chapter divisions on input line 51.
\cftparskip=\skip76
\cftbeforetoctitleskip=\skip77
\cftaftertoctitleskip=\skip78
\cftbeforepartskip=\skip79
\cftpartnumwidth=\skip80
\cftpartindent=\skip81
\cftbeforechapskip=\skip82
\cftchapindent=\skip83
\cftchapnumwidth=\skip84
\cftbeforesecskip=\skip85
\cftsecindent=\skip86
\cftsecnumwidth=\skip87
\cftbeforesubsecskip=\skip88
\cftsubsecindent=\skip89
\cftsubsecnumwidth=\skip90
\cftbeforesubsubsecskip=\skip91
\cftsubsubsecindent=\skip92
\cftsubsubsecnumwidth=\skip93
\cftbeforeparaskip=\skip94
\cftparaindent=\skip95
\cftparanumwidth=\skip96
\cftbeforesubparaskip=\skip97
\cftsubparaindent=\skip98
\cftsubparanumwidth=\skip99
\cftbeforeloftitleskip=\skip100
\cftafterloftitleskip=\skip101
\cftbeforefigskip=\skip102
\cftfigindent=\skip103
\cftfignumwidth=\skip104
\c@lofdepth=\count360
\c@lotdepth=\count361
\cftbeforelottitleskip=\skip105
\cftafterlottitleskip=\skip106
\cftbeforetabskip=\skip107
\cfttabindent=\skip108
\cfttabnumwidth=\skip109
)
(/opt/homebrew/Cellar/texlive/20260301/share/texmf-dist/tex/latex/enumitem/enum
item.sty
Package: enumitem 2025/02/06 v3.11 Customized lists
\labelindent=\skip110
\enit@outerparindent=\dimen319
\enit@toks=\toks48
\enit@inbox=\box84
\enit@count@id=\count362
\enitdp@description=\count363
)
\c@drilli=\count364
\enitdp@drill=\count365
\c@applicationexi=\count366
\enitdp@applicationex=\count367
\c@researchexi=\count368
\enitdp@researchex=\count369

(/opt/homebrew/Cellar/texlive/20260301/share/texmf-dist/tex/latex/base/makeidx.
sty
Package: makeidx 2021/10/04 v1.0m Standard LaTeX package
)
\@indexfile=\write4
\openout4 = `book.idx'.


Writing index file book.idx
)
LaTeX Font Info:    Trying to load font information for OT1+ptm on input line 5
.

(/opt/homebrew/Cellar/texlive/20260301/share/texmf-dist/tex/latex/psnfss/ot1ptm
.fd
File: ot1ptm.fd 2001/06/04 font definitions for OT1/ptm.
) (./book.aux (./preface.aux) (./chapters/ch01.aux) (./chapters/ch02.aux)
(./chapters/ch03.aux) (./chapters/ch04.aux) (./chapters/ch05.aux)
(./chapters/ch06.aux) (./chapters/ch07.aux) (./chapters/ch08.aux)
(./chapters/ch09.aux) (./chapters/ch10.aux) (./chapters/ch11.aux)
(./chapters/ch12.aux) (./chapters/ch13.aux) (./chapters/ch14.aux)
(./chapters/ch15.aux) (./chapters/ch16.aux) (./chapters/ch17.aux)
(./chapters/ch18.aux) (./chapters/ch19.aux) (./chapters/ch20.aux)
(./chapters/ch21.aux) (./chapters/ch22.aux) (./chapters/ch23.aux)
(./chapters/ch24.aux) (./chapters/appendices.aux))
\openout1 = `book.aux'.

LaTeX Font Info:    Checking defaults for OML/cmm/m/it on input line 5.
LaTeX Font Info:    ... okay on input line 5.
LaTeX Font Info:    Checking defaults for OMS/cmsy/m/n on input line 5.
LaTeX Font Info:    ... okay on input line 5.
LaTeX Font Info:    Checking defaults for OT1/cmr/m/n on input line 5.
LaTeX Font Info:    ... okay on input line 5.
LaTeX Font Info:    Checking defaults for T1/cmr/m/n on input line 5.
LaTeX Font Info:    ... okay on input line 5.
LaTeX Font Info:    Checking defaults for TS1/cmr/m/n on input line 5.
LaTeX Font Info:    ... okay on input line 5.
LaTeX Font Info:    Checking defaults for OMX/cmex/m/n on input line 5.
LaTeX Font Info:    ... okay on input line 5.
LaTeX Font Info:    Checking defaults for U/cmr/m/n on input line 5.
LaTeX Font Info:    ... okay on input line 5.
LaTeX Font Info:    Checking defaults for PD1/pdf/m/n on input line 5.
LaTeX Font Info:    ... okay on input line 5.
LaTeX Font Info:    Checking defaults for PU/pdf/m/n on input line 5.
LaTeX Font Info:    ... okay on input line 5.

*geometry* driver: auto-detecting
*geometry* detected driver: pdftex
*geometry* verbose mode - [ preamble ] result:
* driver: pdftex
* paper: letterpaper
* layout: <same size as paper>
* layoutoffset:(h,v)=(0.0pt,0.0pt)
* modes: 
* h-part:(L,W,R)=(93.95122pt, 448.07379pt, 72.26999pt)
* v-part:(T,H,B)=(72.26999pt, 650.43001pt, 72.26999pt)
* \paperwidth=614.295pt
* \paperheight=794.96999pt
* \textwidth=448.07379pt
* \textheight=650.43001pt
* \oddsidemargin=21.68123pt
* \evensidemargin=21.68123pt
* \topmargin=-33.8738pt
* \headheight=14.0pt
* \headsep=19.8738pt
* \topskip=11.0pt
* \footskip=27.46295pt
* \marginparwidth=62.0pt
* \marginparsep=7.0pt
* \columnsep=10.0pt
* \skip\footins=10.0pt plus 4.0pt minus 2.0pt
* \hoffset=0.0pt
* \voffset=0.0pt
* \mag=1000
* \@twocolumnfalse
* \@twosidefalse
* \@mparswitchfalse
* \@reversemarginfalse
* (1in=72.27pt=25.4mm, 1cm=28.453pt)


(/opt/homebrew/Cellar/texlive/20260301/share/texmf-dist/tex/context/base/mkii/s
upp-pdf.mkii
[Loading MPS to PDF converter (version 2006.09.02).]
\scratchcounter=\count370
\scratchdimen=\dimen320
\scratchbox=\box85
\nofMPsegments=\count371
\nofMParguments=\count372
\everyMPshowfont=\toks49
\MPscratchCnt=\count373
\MPscratchDim=\dimen321
\MPnumerator=\count374
\makeMPintoPDFobject=\count375
\everyMPtoPDFconversion=\toks50
)
(/opt/homebrew/Cellar/texlive/20260301/share/texmf-dist/tex/latex/epstopdf-pkg/
epstopdf-base.sty
Package: epstopdf-base 2020-01-24 v2.11 Base part for package epstopdf
Package epstopdf-base Info: Redefining graphics rule for `.eps' on input line 4
85.

(/opt/homebrew/Cellar/texlive/20260301/share/texmf-dist/tex/latex/latexconfig/e
pstopdf-sys.cfg
File: epstopdf-sys.cfg 2010/07/13 v1.3 Configuration of (r)epstopdf for TeX Liv
e
))
\c@lstlisting=\count376
Package caption Info: Begin \AtBeginDocument code.
Package caption Info: hyperref package is loaded.
Package caption Info: End \AtBeginDocument code.
Package hyperref Info: Link coloring ON on input line 5.
 (./book.out) (./book.out)
\@outlinefile=\write5
\openout5 = `book.out'.

<frontpage.png, id=6061, 1027.84pt x 1541.76pt>
File: frontpage.png Graphic file (type png)
<use frontpage.png>
Package pdftex.def Info: frontpage.png  used on input line 12.
(pdftex.def)             Requested size: 448.07379pt x 672.11876pt.
 [1



]
Overfull \vbox (62.1415pt too high) has occurred while \output is active []


[2{/opt/homebrew/Cellar/texlive/20260301/share/texmf-dist/fonts/map/pdftex/updm
ap/pdftex.map}{/opt/homebrew/Cellar/texlive/20260301/share/texmf-dist/fonts/enc
/dvips/base/8r.enc} <./frontpage.png (PNG copy)>] [3] (./book.toc
LaTeX Font Info:    Trying to load font information for OT1+ztmcm on input line
 1.

(/opt/homebrew/Cellar/texlive/20260301/share/texmf-dist/tex/latex/psnfss/ot1ztm
cm.fd
File: ot1ztmcm.fd 2000/01/03 Fontinst v1.801 font definitions for OT1/ztmcm.
)
LaTeX Font Info:    Trying to load font information for OML+ztmcm on input line
 1.

(/opt/homebrew/Cellar/texlive/20260301/share/texmf-dist/tex/latex/psnfss/omlztm
cm.fd
File: omlztmcm.fd 2000/01/03 Fontinst v1.801 font definitions for OML/ztmcm.
)
LaTeX Font Info:    Trying to load font information for OMS+ztmcm on input line
 1.

(/opt/homebrew/Cellar/texlive/20260301/share/texmf-dist/tex/latex/psnfss/omsztm
cm.fd
File: omsztmcm.fd 2000/01/03 Fontinst v1.801 font definitions for OMS/ztmcm.
)
LaTeX Font Info:    Trying to load font information for OMX+ztmcm on input line
 1.

(/opt/homebrew/Cellar/texlive/20260301/share/texmf-dist/tex/latex/psnfss/omxztm
cm.fd
File: omxztmcm.fd 2000/01/03 Fontinst v1.801 font definitions for OMX/ztmcm.
)
LaTeX Font Info:    Font shape `OT1/ptm/bx/n' in size <12> not available
(Font)              Font shape `OT1/ptm/b/n' tried instead on input line 1.
LaTeX Font Info:    Font shape `OT1/ptm/bx/n' in size <9> not available
(Font)              Font shape `OT1/ptm/b/n' tried instead on input line 1.
LaTeX Font Info:    Font shape `OT1/ptm/bx/n' in size <7> not available
(Font)              Font shape `OT1/ptm/b/n' tried instead on input line 1.
LaTeX Font Info:    Font shape `OT1/ptm/bx/n' in size <10.95> not available
(Font)              Font shape `OT1/ptm/b/n' tried instead on input line 2.
LaTeX Font Info:    Font shape `OT1/ptm/bx/n' in size <8> not available
(Font)              Font shape `OT1/ptm/b/n' tried instead on input line 2.
LaTeX Font Info:    Font shape `OT1/ptm/bx/n' in size <6> not available
(Font)              Font shape `OT1/ptm/b/n' tried instead on input line 2.

pdfTeX warning (ext4): destination with the same identifier (name{page.i}) has 
been already used, duplicate ignored
<to be read again> 
                   \relax 
l.32 ...line {1.8}Error Handling}{10}{section.1.8}
                                                  % [1]
pdfTeX warning (ext4): destination with the same identifier (name{page.ii}) has
 been already used, duplicate ignored
<to be read again> 
                   \relax 
l.65 ...berline {1.20}Exercises}{24}{section.1.20}
                                                  % [2]
pdfTeX warning (ext4): destination with the same identifier (name{page.iii}) ha
s been already used, duplicate ignored
<to be read again> 
                   \relax 
l.97 ...ne {2.9}Space Complexity}{36}{section.2.9}
                                                  % [3] [4] [5] [6] [7]
[8] [9] [10] [11] [12] [13] [14] [15] [16] [17] [18] [19] [20] [21]
Overfull \hbox (3.28487pt too wide) detected at line 705
\OT1/ptm/m/n/10.95 11.28.10 
 []

[22] [23] [24] [25] [26] [27] [28] [29] [30] [31] [32] [33] [34] [35] [36]
[37] [38] [39] [40] [41] [42] [43] [44] [45]
LaTeX Font Info:    Trying to load font information for OT1+pcr on input line 1
469.

(/opt/homebrew/Cellar/texlive/20260301/share/texmf-dist/tex/latex/psnfss/ot1pcr
.fd
File: ot1pcr.fd 2001/06/04 font definitions for OT1/pcr.
) [46])
\tf@toc=\write6
\openout6 = `book.toc'.

 [47]
\openout2 = `preface.aux'.


No file preface.tex.
[1





]
\openout2 = `chapters/ch01.aux'.

 (./chapters/ch01.tex
Chapter 1.
LaTeX Font Info:    Font shape `OT1/pcr/m/it' in size <9> not available
(Font)              Font shape `OT1/pcr/m/sl' tried instead on input line 18.
[2


] [3] [4] [5] [6] [7] [8]
LaTeX Font Info:    Trying to load font information for TS1+ptm on input line 3
91.

(/opt/homebrew/Cellar/texlive/20260301/share/texmf-dist/tex/latex/psnfss/ts1ptm
.fd
File: ts1ptm.fd 2001/06/04 font definitions for TS1/ptm.
) [9]
Overfull \hbox (15.42511pt too wide) in paragraph at lines 437--438
[]\OT1/ptm/m/n/10.95 Pre-C++23: use index-based loops or it-er-a-tors man-u-all
y. C++23: use \OT1/pcr/m/n/10.95 std::ranges::zip[]view
 []

[10]
Overfull \hbox (50.47229pt too wide) in paragraph at lines 461--462
[]\OT1/ptm/m/n/10.95 Standard ex-cep-tion classes: \OT1/pcr/m/n/10.95 std::logi
c[]error\OT1/ptm/m/n/10.95 , \OT1/pcr/m/n/10.95 std::invalid[]argument\OT1/ptm/
m/n/10.95 , \OT1/pcr/m/n/10.95 std::domain[]error\OT1/ptm/m/n/10.95 ,
 []


Overfull \hbox (3.13133pt too wide) in paragraph at lines 461--462
\OT1/pcr/m/n/10.95 std::length[]error\OT1/ptm/m/n/10.95 , \OT1/pcr/m/n/10.95 st
d::out[]of[]range\OT1/ptm/m/n/10.95 , \OT1/pcr/m/n/10.95 std::runtime[]error\OT
1/ptm/m/n/10.95 , \OT1/pcr/m/n/10.95 std::range[]error\OT1/ptm/m/n/10.95 ,
 []

[11] [12] [13] [14] [15] [16] [17] [18] [19] [20] [21] [22]
LaTeX Font Info:    Trying to load font information for OMS+pcr on input line 1
097.

(/opt/homebrew/Cellar/texlive/20260301/share/texmf-dist/tex/latex/psnfss/omspcr
.fd
File: omspcr.fd 
)
LaTeX Font Info:    Font shape `OMS/pcr/m/n' in size <10.95> not available
(Font)              Font shape `OMS/cmsy/m/n' tried instead on input line 1097.

 [23]
LaTeX Font Info:    Font shape `OT1/pcr/m/it' in size <10.95> not available
(Font)              Font shape `OT1/pcr/m/sl' tried instead on input line 1117.

 [24]
Overfull \hbox (5.30707pt too wide) in paragraph at lines 1135--1136
\OT1/ptm/m/n/10.95 even af-ter all ex-ter-nal ref-er-ences are gone. Why? Demon
-strate with code and fix us-ing \OT1/pcr/m/n/10.95 weak[]ptr\OT1/ptm/m/n/10.95
 . 
 []


Overfull \hbox (37.91644pt too wide) in paragraph at lines 1160--1161
\OT1/ptm/m/n/10.95 any type. For trivially-copyable types, write raw bytes. For
 other types, call a \OT1/pcr/m/n/10.95 serialize(ostream&)
 []

[25]
Overfull \hbox (9.42442pt too wide) in paragraph at lines 1176--1177
\OT1/ptm/m/n/10.95 in-line be-fore heap-allocating. Use \OT1/pcr/m/n/10.95 std:
:aligned[]storage \OT1/ptm/m/n/10.95 and place-ment new/delete. Bench-
 []


Overfull \hbox (2.51402pt too wide) in paragraph at lines 1184--1185
[]\OT1/ptm/b/n/10.95 Container bench-mark. \OT1/ptm/m/n/10.95 Im-ple-ment a ben
ch-mark that in-serts 10$[]$ ran-dom in-te-gers into a \OT1/pcr/m/n/10.95 vecto
r\OT1/ptm/m/n/10.95 ,
 []


Overfull \hbox (35.825pt too wide) in paragraph at lines 1192--1193
[]\OT1/ptm/b/n/10.95 Move-only con-tainer. \OT1/ptm/m/n/10.95 Im-ple-ment a \OT
1/pcr/m/n/10.95 MoveVector<T> \OT1/ptm/m/n/10.95 that stores el-e-ments us-ing 
\OT1/pcr/m/n/10.95 unique[]ptr<T[]>\OT1/ptm/m/n/10.95 .
 []

[26]
Overfull \hbox (45.9889pt too wide) in paragraph at lines 1198--1199
\OT1/pcr/m/n/10.95 std::accumulate \OT1/ptm/m/n/10.95 or man-ual loops: \OT1/pc
r/m/n/10.95 std::transform\OT1/ptm/m/n/10.95 , \OT1/pcr/m/n/10.95 std::copy[]if
\OT1/ptm/m/n/10.95 , and \OT1/pcr/m/n/10.95 std::partition\OT1/ptm/m/n/10.95 .
 []

[27]) [28]
\openout2 = `chapters/ch02.aux'.

 (./chapters/ch02.tex
Chapter 2.
[29




] [30] [31] [32] [33]
(/opt/homebrew/Cellar/texlive/20260301/share/texmf-dist/tex/latex/listings/lstl
ang1.sty
File: lstlang1.sty 2025/11/14 1.11b listings language file
)
Overfull \hbox (20.38106pt too wide) in paragraph at lines 285--294
 [] 
 []

[34] [35] [36] [37] [38] [39] [40] [41] [42] [43] [44]
Overfull \hbox (293.16508pt too wide) in paragraph at lines 789--802
 [] 
 []

[45] [46] [47] [48] [49]) [50]
\openout2 = `chapters/ch03.aux'.

 (./chapters/ch03.tex
Chapter 3.
[51




] [52] [53] [54] [55] [56] [57] [58] [59] [60] [61] [62] [63] [64] [65]
[66]
Package hyperref Info: bookmark level for unknown lstlisting defaults to 0 on i
nput line 781.
 [67] [68]
Overfull \hbox (17.61072pt too wide) in paragraph at lines 882--895
 [] 
 []

[69] [70] [71] [72] [73] [74] [75] [76]
Overfull \hbox (30.84193pt too wide) in paragraph at lines 1253--1254
[]\OT1/ptm/b/n/10.95 When should you reach for a sim-ple struct/array in-stead 
of a li-brary con-tainer like \OT1/pcr/b/n/10.95 std::vector
 []


Overfull \hbox (0.9924pt too wide) in paragraph at lines 1259--1260
[]\OT1/ptm/b/n/10.95 When does a sorted ar-ray out-per-form a bal-anced BST, de
-spite both hav-ing O(log n) lookup? 
 []

[77] [78] [79]
Overfull \hbox (10.42137pt too wide) in paragraph at lines 1391--1392
[]\OT1/ptm/m/n/10.95 Yes --- and this is a com-mon source of hid-den costs. A \
OT1/pcr/m/n/10.95 struct Node \OMS/cmsy/m/n/10.95 f \OT1/pcr/m/n/10.95 std::vec
tor<int>
 []


Overfull \hbox (14.50626pt too wide) in paragraph at lines 1391--1392
\OT1/ptm/m/n/10.95 deep-copies the vec-tor. Smart point-ers are worse: \OT1/pcr
/m/n/10.95 struct Obj \OMS/cmsy/m/n/10.95 f \OT1/pcr/m/n/10.95 std::shared[]ptr
<Data>
 []

[80]
Overfull \hbox (173.44208pt too wide) in paragraph at lines 1412--1413
[]\OT1/ptm/m/n/10.95 Ulrich Drep-per, "What Ev-ery Pro-gram-mer Should Know Abo
ut Mem-ory" | https://people.freebsd.org/~lstewart/articles/cpumemory.pdf 
 []

[81]) [82] [83



]
\openout2 = `chapters/ch04.aux'.

 (./chapters/ch04.tex
Chapter 4.
[84


] [85] [86] [87] [88] [89] [90] [91]
LaTeX Font Info:    Trying to load font information for TS1+pcr on input line 4
05.

(/opt/homebrew/Cellar/texlive/20260301/share/texmf-dist/tex/latex/psnfss/ts1pcr
.fd
File: ts1pcr.fd 2001/06/04 font definitions for TS1/pcr.
) [92] [93] [94] [95] [96] [97] [98] [99] [100] [101]
Overfull \hbox (39.47134pt too wide) in paragraph at lines 936--937
 [][] 
 []

LaTeX Font Info:    Font shape `OT1/ptm/bx/n' in size <10> not available
(Font)              Font shape `OT1/ptm/b/n' tried instead on input line 937.
LaTeX Font Info:    Font shape `OT1/ptm/bx/n' in size <7.4> not available
(Font)              Font shape `OT1/ptm/b/n' tried instead on input line 937.
[102] [103] [104] [105] [106] [107] [108] [109] [110]
Overfull \hbox (18.99017pt too wide) in paragraph at lines 1380--1381
[]\OT1/ptm/m/n/10.95 Reading the leaves left to right gives: \OT1/pcr/m/n/10.95
 "Hello" \OT1/ptm/m/n/10.95 + \OT1/pcr/m/n/10.95 "" \OT1/ptm/m/n/10.95 + \OT1/p
cr/m/n/10.95 "ld" \OT1/ptm/m/n/10.95 + \OT1/pcr/m/n/10.95 "Wor" \OT1/ptm/m/n/10
.95 + \OT1/pcr/m/n/10.95 "" \OT1/ptm/m/n/10.95 + \OT1/pcr/m/n/10.95 "" \OT1/ptm
/m/n/10.95 = \OT1/pcr/m/n/10.95 "HelloWorld"\OT1/ptm/m/n/10.95 . 
 []

[111] [112] [113]
Overfull \hbox (292.80402pt too wide) in paragraph at lines 1551--1563
 [] 
 []

[114] [115]
Overfull \hbox (7.19019pt too wide) in paragraph at lines 1598--1599
[]\OT1/ptm/m/it/10.95 Real-world: \OT1/ptm/m/n/10.95 The Linux ker-nel uses in-
tru-sive dou-bly linked lists (\OT1/pcr/m/n/10.95 list[]head\OT1/ptm/m/n/10.95 
) for pro-cess schedul-
 []

[116] [117] [118] [119] [120]
Overfull \hbox (60.44356pt too wide) in paragraph at lines 1799--1801
\OT1/pcr/m/n/10.95 push[]back(3), push[]back(1), push[]back(4), insert(1, 2), e
rase(3), push[]back(5),
 []


Overfull \hbox (67.01355pt too wide) in paragraph at lines 1814--1816
\OT1/pcr/m/n/10.95 push[]front(5), push[]front(3), push[]back(7), insert(1, 4),
 erase(0), pop[]front(),
 []


Overfull \hbox (12.34929pt too wide) in paragraph at lines 1841--1842
[]\OT1/ptm/m/n/10.95 Add a \OT1/pcr/m/n/10.95 reserve(size[]type n) \OT1/ptm/m/
n/10.95 method that pre-allocates ca-pac-ity. Add a \OT1/pcr/m/n/10.95 shrink[]
to[]fit()
 []


Overfull \hbox (58.33919pt too wide) in paragraph at lines 1845--1846
[]\OT1/ptm/m/n/10.95 Implement \OT1/pcr/m/n/10.95 operator== \OT1/ptm/m/n/10.95
 and \OT1/pcr/m/n/10.95 operator<=> \OT1/ptm/m/n/10.95 (C++20 three-way com-par
-i-son) for \OT1/pcr/m/n/10.95 dynamic[]array[]list\OT1/ptm/m/n/10.95 . 
 []


Overfull \hbox (23.86864pt too wide) in paragraph at lines 1849--1850
[]\OT1/ptm/m/n/10.95 Implement an STL-style it-er-a-tor for \OT1/pcr/m/n/10.95 
dynamic[]array[]list\OT1/ptm/m/n/10.95 . Sup-port \OT1/pcr/m/n/10.95 operator*\
OT1/ptm/m/n/10.95 , \OT1/pcr/m/n/10.95 operator++\OT1/ptm/m/n/10.95 ,
 []


Overfull \hbox (23.29906pt too wide) in paragraph at lines 1853--1854
[]\OT1/ptm/m/n/10.95 Implement a \OT1/pcr/m/n/10.95 circular[]buffer<T> \OT1/pt
m/m/n/10.95 of fixed ca-pac-ity us-ing a dy-namic ar-ray. Sup-port \OT1/pcr/m/n
/10.95 push[]back\OT1/ptm/m/n/10.95 ,
 []

[121]
Overfull \hbox (50.88367pt too wide) in paragraph at lines 1865--1866
[]\OT1/ptm/m/n/10.95 Implement \OT1/pcr/m/n/10.95 insert[]after(iterator pos, c
onst T& value) \OT1/ptm/m/n/10.95 and \OT1/pcr/m/n/10.95 erase[]after(iterator
 []


Overfull \hbox (5.65852pt too wide) in paragraph at lines 1885--1886
[]\OT1/ptm/m/n/10.95 Write a func-tion \OT1/pcr/m/n/10.95 detect[]cycle(const f
orward[]list&) \OT1/ptm/m/n/10.95 that de-ter-mines whether a linked
 []


Overfull \hbox (45.54994pt too wide) in paragraph at lines 1907--1908
[]\OT1/ptm/b/n/10.95 (Memory lo-cal-ity) \OT1/ptm/m/n/10.95 Bench-mark it-er-a-
tion over \OT1/pcr/m/n/10.95 std::vector\OT1/ptm/m/n/10.95 , \OT1/pcr/m/n/10.95
 std::list\OT1/ptm/m/n/10.95 , and \OT1/pcr/m/n/10.95 std::forward[]list
 []

[122]
Overfull \hbox (2.29427pt too wide) in paragraph at lines 1930--1931
[]\OT1/ptm/m/n/10.95 Boost.Intrusive doc-u-men-ta-tion | https://www.boost.org/
doc/libs/release/doc/html/intrusive.html 
 []

) [123]
\openout2 = `chapters/ch05.aux'.

 (./chapters/ch05.tex
Chapter 5.
[124




] [125] [126]
Overfull \hbox (18.3984pt too wide) in paragraph at lines 172--181
 [] 
 []

[127] [128] [129] [130] [131] [132] [133] [134]
Overfull \hbox (0.99681pt too wide) in paragraph at lines 556--557
[]\OT1/ptm/b/n/10.95 Applications: \OT1/ptm/m/n/10.95 solv-ing dis-cretized dif
-fer-en-tial equa-tions (heat equa-tion, beam bend-ing), cu-bic spline
 []

[135] [136] [137] [138] [139] [140] [141] [142]
Overfull \hbox (57.8156pt too wide) in paragraph at lines 960--960
[]\OT1/pcr/m/n/10.95 Step 2: now have 456|123|7  |  swap min(3,1) = 1: 476|123|
5   ... simplified:[] 
 []

[143] [144] [145]
Overfull \hbox (274.69308pt too wide) in paragraph at lines 1077--1089
 [] 
 []

[146] [147] [148]

LaTeX Warning: Command \textdegree invalid in math mode on input line 1161.


LaTeX Warning: Command \textdegree invalid in math mode on input line 1161.

Missing character: There is no ° in font zptmcm7t!

Overfull \hbox (25.78334pt too wide) in paragraph at lines 1186--1187
[]\OT1/ptm/m/n/10.95 A bit ar-ray uses 1 bit per el-e-ment | 8$\OMS/ztmcm/m/n/1
0.95 ^^B$ \OT1/ptm/m/n/10.95 less than \OT1/pcr/m/n/10.95 vector<char> \OT1/ptm
/m/n/10.95 and 32$\OMS/ztmcm/m/n/10.95 ^^B$ \OT1/ptm/m/n/10.95 less than \OT1/p
cr/m/n/10.95 vector<int>\OT1/ptm/m/n/10.95 .
 []

[149] [150] [151]
Overfull \hbox (23.36353pt too wide) in paragraph at lines 1342--1343
[]\OT1/ptm/m/n/10.95 Implement bit-wise AND, OR, and pop-u-la-tion count for bi
t ar-rays. Bench-mark against \OT1/pcr/m/n/10.95 std::bitset
 []

[152]
Overfull \hbox (16.07228pt too wide) in paragraph at lines 1352--1353
[]\OT1/ptm/m/n/10.95 Implement a cir-cu-lar buffer that sup-ports \OT1/pcr/m/n/
10.95 push[]front\OT1/ptm/m/n/10.95 , \OT1/pcr/m/n/10.95 push[]back\OT1/ptm/m/n
/10.95 , \OT1/pcr/m/n/10.95 pop[]front\OT1/ptm/m/n/10.95 , and \OT1/pcr/m/n/10.
95 pop[]back
 []


Overfull \hbox (0.26083pt too wide) in paragraph at lines 1358--1359
[]\OT1/ptm/m/n/10.95 Implement a gap buffer text ed-i-tor: sup-port \OT1/pcr/m/
n/10.95 insert(char)\OT1/ptm/m/n/10.95 , \OT1/pcr/m/n/10.95 backspace()\OT1/ptm
/m/n/10.95 , \OT1/pcr/m/n/10.95 move[]left()\OT1/ptm/m/n/10.95 ,
 []

[153]) [154]
\openout2 = `chapters/ch06.aux'.

 (./chapters/ch06.tex
Chapter 6.
[155




] [156] [157] [158] [159]
Overfull \hbox (7.98209pt too wide) in paragraph at lines 266--267
[]\OT1/ptm/m/n/10.95 This is the same al-go-rithm Post-greSQL uses in its ex-pr
es-sion parser (src/backend/parser/expr[]parse.c)
 []

[160] [161] [162] [163] [164] [165] [166] [167] [168] [169] [170] [171]
[172]
Overfull \hbox (6.12892pt too wide) in paragraph at lines 881--882
\OT1/ptm/m/n/10.95 Consider a grid-based maze where you can move right or down.
 We search from \OT1/pcr/m/n/10.95 (0,0) \OT1/ptm/m/n/10.95 to \OT1/pcr/m/n/10.
95 (n-1,m-1)\OT1/ptm/m/n/10.95 : 
 []

[173] [174] [175]
Overfull \hbox (6.16173pt too wide) in paragraph at lines 1014--1015
[]\OT1/ptm/b/n/10.95 Forgetting the amor-ti-za-tion \OT1/ptm/m/n/10.95 | \OT1/p
cr/m/n/10.95 array[]stack::push \OT1/ptm/m/n/10.95 is O(1) amor-tized, but in-d
i-vid-ual pushes
 []

[176] [177] [178] [179] [180] [181] [182]
Overfull \hbox (64.34984pt too wide) in paragraph at lines 1285--1286
[]\OT1/ptm/b/n/10.95 (Treiber stack) \OT1/ptm/m/n/10.95 Im-ple-ment the Treiber
 lock-free stack us-ing \OT1/pcr/m/n/10.95 std::atomic<std::shared[]ptr<node>>\
OT1/ptm/m/n/10.95 .
 []

) [183]
\openout2 = `chapters/ch07.aux'.

 (./chapters/ch07.tex
Chapter 7.
[184




] [185] [186] [187]
Overfull \hbox (6.52106pt too wide) in paragraph at lines 192--193
\OT1/ptm/m/n/10.95 Each topic par-ti-tion is an or-dered, im-mutable queue. Twi
t-ter's event bus pro-cesses 500 mil-lion tweets/day
 []

[188] [189] [190] [191] [192]
Overfull \hbox (3.37064pt too wide) in paragraph at lines 423--424
[]\OT1/ptm/m/n/10.95 The \OT1/pcr/m/n/10.95 size() \OT1/ptm/m/n/10.95 func-tion
 com-putes \OT1/pcr/m/n/10.95 (rear[] - front[] + cap[]) % cap[]\OT1/ptm/m/n/10
.95 , which cor-rectly han-
 []

[193] [194] [195] [196] [197] [198] [199] [200] [201]
LaTeX Font Info:    Trying to load font information for OMS+ptm on input line 8
49.

(/opt/homebrew/Cellar/texlive/20260301/share/texmf-dist/tex/latex/psnfss/omsptm
.fd
File: omsptm.fd 
)
LaTeX Font Info:    Font shape `OMS/ptm/m/n' in size <10.95> not available
(Font)              Font shape `OMS/cmsy/m/n' tried instead on input line 849.
 [202] [203] [204]
Overfull \hbox (18.39565pt too wide) in paragraph at lines 961--961
[]  \OT1/pcr/m/n/10.95 3     5     pop back 1, pop back 0; push 2    [2]       
       A[2]=5[] 
 []


Overfull \hbox (18.39565pt too wide) in paragraph at lines 962--962
[]  \OT1/pcr/m/n/10.95 4     3     push 3 (3 < A[2]=5, stays)        [2, 3]    
       A[2]=5[] 
 []


Overfull \hbox (18.39565pt too wide) in paragraph at lines 963--963
[]  \OT1/pcr/m/n/10.95 5     6     pop back 3, pop back 2; push 4    [4]       
       A[4]=6[] 
 []


Overfull \hbox (18.39565pt too wide) in paragraph at lines 964--964
[]  \OT1/pcr/m/n/10.95 6     4     push 5 (4 < A[4]=6, stays)        [4, 5]    
       A[4]=6[] 
 []


Overfull \hbox (18.39565pt too wide) in paragraph at lines 965--965
[]  \OT1/pcr/m/n/10.95 7     8     pop back 5, pop back 4; push 6    [6]       
       A[6]=8[] 
 []


Overfull \hbox (18.39565pt too wide) in paragraph at lines 966--966
[]  \OT1/pcr/m/n/10.95 8     7     push 7 (7 < A[8]=8, stays)        [6, 7]    
       A[6]=8[] 
 []

[205] [206] [207] [208] [209] [210] [211] [212]
Overfull \hbox (31.53563pt too wide) in paragraph at lines 1322--1324
\OT1/pcr/m/n/10.95 enqueue(K), en(V), deq(), en(Q), en(W), en(E), deq(), en(R),
 en(T), deq()
 []

[213]
Overfull \hbox (1.60529pt too wide) in paragraph at lines 1359--1360
\OT1/ptm/m/n/10.95 lays. Each do-main has a "next al-lowed crawl time." Main-ta
in a pri-or-ity queue of (next[]crawl[]time,
 []

[214]
Overfull \hbox (40.51257pt too wide) in paragraph at lines 1385--1386
\OT1/ptm/m/n/10.95 locks. Com-pare its through-put with a mutex-guarded \OT1/pc
r/m/n/10.95 std::queue \OT1/ptm/m/n/10.95 and a \OT1/pcr/m/n/10.95 tbb::concurr
ent[]queue\OT1/ptm/m/n/10.95 .
 []


Overfull \hbox (5.15274pt too wide) in paragraph at lines 1392--1393
[]\OT1/ptm/m/n/10.95 Implement the cir-cu-lar queue from Sec-tion "Cir-cu-lar Q
ueue: Full Im-ple-men-ta-tion" with a \OT1/pcr/m/n/10.95 count[]
 []


Overfull \hbox (1.85791pt too wide) in paragraph at lines 1396--1397
[]\OT1/ptm/m/n/10.95 Trace the two-stack queue with the fol-low-ing se-quence: 
push(1), push(2), pop(), push(3), push(4),
 []

[215]
Overfull \hbox (10.69354pt too wide) in paragraph at lines 1423--1424
[]\OT1/ptm/b/n/10.95 Implement a deque us-ing a sin-gle fixed-size cir-cu-lar a
r-ray. \OT1/ptm/m/n/10.95 Your class should sup-port push[]front,
 []

[216]) [217]
\openout2 = `chapters/ch08.aux'.

 (./chapters/ch08.tex
Chapter 8.
[218




] [219] [220] [221] [222] [223] [224] [225] [226] [227] [228] [229]
[230] [231] [232] [233] [234]
Overfull \hbox (10.59596pt too wide) in paragraph at lines 892--893
\OT1/ptm/m/n/10.95 Google's \OT1/ptm/b/n/10.95 Swiss Ta-ble \OT1/ptm/m/n/10.95 
(used in \OT1/pcr/m/n/10.95 absl::flat[]hash[]map \OT1/ptm/m/n/10.95 and Go's b
uilt-in map) is a flat open-addressing
 []

[235] [236] [237] [238] [239] [240] [241] [242] [243]
Overfull \hbox (320.97786pt too wide) in paragraph at lines 1352--1364
 [] 
 []

[244] [245] [246]
Overfull \hbox (19.17061pt too wide) in paragraph at lines 1446--1447
\OT1/ptm/m/n/10.95 the hash val-ues of each field us-ing a seed-dependent com-b
ine: \OT1/pcr/m/n/10.95 h = h * seed + hash(field)
 []


Overfull \hbox (3.37024pt too wide) in paragraph at lines 1473--1474
[]\OT1/ptm/b/n/10.95 Why does \OT1/pcr/b/n/10.95 std::unordered[]map \OT1/ptm/b
/n/10.95 have worse per-for-mance than \OT1/pcr/b/n/10.95 std::map \OT1/ptm/b/n
/10.95 in some cases? 
 []

[247] [248] [249] [250] [251]
Overfull \hbox (2.22849pt too wide) in paragraph at lines 1698--1699
[]\OT1/ptm/m/n/10.95 Abseil C++ li-brary, "Swiss Ta-ble" de-sign doc-u-ment | h
ttps://abseil.io/docs/cpp/guides/container 
 []

[252]) [253]
\openout2 = `chapters/ch09.aux'.

 (./chapters/ch09.tex
Chapter 9.
[254




] [255] [256] [257] [258] [259] [260] [261] [262] [263] [264] [265]
[266] [267] [268] [269] [270] [271] [272] [273]
Overfull \hbox (385.96571pt too wide) in paragraph at lines 1115--1127
 [] 
 []

[274] [275] [276] [277] [278] [279] [280] [281]
Overfull \hbox (5.25566pt too wide) in paragraph at lines 1475--1477
\OT1/pcr/m/n/10.95 union(0, 2), union(1, 3), union(2, 4), find(0), union(1, 4),
 find(3),
 []

[282] [283]) [284]
\openout2 = `chapters/ch10.aux'.

 (./chapters/ch10.tex
Chapter 10.
[285




] [286] [287] [288]
Overfull \hbox (12.03827pt too wide) in paragraph at lines 209--210
[]\OT1/ptm/m/n/10.95 C++ \OT1/pcr/m/n/10.95 std::priority[]queue \OT1/ptm/m/n/1
0.95 pro-vides \OT1/pcr/m/n/10.95 std::less<T> \OT1/ptm/m/n/10.95 for max-heap 
and \OT1/pcr/m/n/10.95 std::greater<T>
 []

[289] [290] [291] [292] [293] [294] [295] [296] [297] [298] [299] [300]
[301] [302] [303] [304] [305] [306] [307] [308] [309] [310] [311] [312]
[313] [314] [315] [316] [317] [318] [319] [320] [321]
Overfull \hbox (412.61041pt too wide) in paragraph at lines 1784--1796
 [] 
 []

[322] [323] [324] [325]
Overfull \hbox (67.4509pt too wide) in paragraph at lines 1947--1948
[]\OT1/pcr/m/n/10.95 std::priority[]queue \OT1/ptm/m/n/10.95 is an adapter over
 \OT1/pcr/m/n/10.95 std::vector \OT1/ptm/m/n/10.95 us-ing \OT1/pcr/m/n/10.95 st
d::make[]heap\OT1/ptm/m/n/10.95 , \OT1/pcr/m/n/10.95 std::push[]heap\OT1/ptm/m/
n/10.95 ,
 []

[326]
Overfull \hbox (3.94872pt too wide) in paragraph at lines 2019--2020
[]\OT1/ptm/b/n/10.95 (Fibonacci heaps) \OT1/ptm/m/n/10.95 Read about Fi-bonacci
 heaps (Fred-man and Tar-jan, 1987). Im-ple-ment decrease-
 []

[327] [328] [329] [330]) [331]
\openout2 = `chapters/ch11.aux'.

 (./chapters/ch11.tex
Chapter 11.
[332




] [333] [334] [335] [336] [337] [338] [339] [340] [341] [342] [343]
[344] [345] [346] [347] [348] [349] [350] [351] [352] [353] [354] [355]
[356] [357] [358] [359] [360] [361] [362] [363] [364] [365] [366] [367]
[368] [369] [370] [371] [372] [373] [374] [375] [376] [377] [378] [379]
[380] [381] [382] [383] [384] [385] [386] [387] [388] [389] [390] [391]
[392] [393] [394] [395] [396] [397] [398] [399] [400] [401] [402] [403]
Overfull \hbox (55.36299pt too wide) in paragraph at lines 3394--3407
 [] 
 []

[404] [405] [406] [407]
Overfull \hbox (35.9308pt too wide) in paragraph at lines 3616--3617
[]\OT1/ptm/m/n/10.95 For \OT1/pcr/m/n/10.95 std::set\OT1/ptm/m/n/10.95 , the no
de con-tains only the key (no value). For \OT1/pcr/m/n/10.95 std::multimap \OT1
/ptm/m/n/10.95 and \OT1/pcr/m/n/10.95 std::multiset\OT1/ptm/m/n/10.95 ,
 []

[408] [409]
Overfull \hbox (169.29962pt too wide) in paragraph at lines 3735--3747
 [] 
 []

[410]
Overfull \hbox (8.51787pt too wide) in paragraph at lines 3776--3777
[]\OT1/ptm/b/n/10.95 A: \OT1/ptm/m/n/10.95 Use \OT1/pcr/m/n/10.95 equal[]range(
key) \OT1/ptm/m/n/10.95 which re-turns a \OT1/pcr/m/n/10.95 std::pair<iterator,
 iterator> \OT1/ptm/m/n/10.95 bound-
 []


Overfull \hbox (32.05927pt too wide) in paragraph at lines 3776--3777
\OT1/ptm/m/n/10.95 pur-pose of us-ing a tree-based con-tainer. Ex-am-ple: \OT1/
pcr/m/n/10.95 auto [lo, hi] = mp.equal[]range(key);
 []


Overfull \hbox (11.82576pt too wide) in paragraph at lines 3776--3777
\OT1/pcr/m/n/10.95 for (auto it = lo; it != hi; ++it) \OMS/cmsy/m/n/10.95 f \OT
1/pcr/m/n/10.95 /* it->second is the value */
 []

[411] [412] [413] [414] [415]
Overfull \hbox (18.55609pt too wide) in paragraph at lines 4026--4040
 [] 
 []

[416] [417] [418] [419] [420] [421] [422] [423]
Overfull \hbox (10.76839pt too wide) in paragraph at lines 4355--4356
\OT1/ptm/m/n/10.95 Fusion trees are pri-mar-ily a the-o-ret-i-cal re-sult. In p
rac-tice, the con-stant fac-tors are large: the multiplication-
 []

[424]
Overfull \hbox (359.95935pt too wide) in paragraph at lines 4362--4378
 [] 
 []

[425] [426]
Overfull \hbox (11.35298pt too wide) in paragraph at lines 4468--4469
\OT1/ptm/m/n/10.95 change: \OT1/pcr/m/n/10.95 contains() \OT1/ptm/m/n/10.95 en-
ables cleaner guard clauses (\OT1/pcr/m/n/10.95 if (!m.contains(key)) return;\O
T1/ptm/m/n/10.95 )
 []

[427] [428]
Overfull \hbox (1.80247pt too wide) in paragraph at lines 4530--4531
[]\OT1/ptm/b/n/10.95 Concurrent tree. \OT1/ptm/m/n/10.95 Im-ple-ment a thread-s
afe bi-nary search tree us-ing a mu-tex. Bench-mark through-
 []

[429] [430]) [431]
\openout2 = `chapters/ch12.aux'.

 (./chapters/ch12.tex
Chapter 12.
[432




] [433] [434] [435] [436] [437] [438] [439] [440] [441] [442] [443]
[444] [445] [446] [447] [448] [449] [450] [451] [452] [453] [454] [455]
[456] [457] [458] [459] [460] [461] [462]
Overfull \hbox (44.56618pt too wide) in paragraph at lines 1442--1465
 [] 
 []

[463] [464] [465] [466] [467] [468] [469] [470] [471] [472] [473]

Package hyperref Warning: Token not allowed in a PDF string (Unicode):
(hyperref)                removing `math shift' on input line 1883.


Package hyperref Warning: Token not allowed in a PDF string (Unicode):
(hyperref)                removing `\log' on input line 1883.


Package hyperref Warning: Token not allowed in a PDF string (Unicode):
(hyperref)                removing `superscript' on input line 1883.


Package hyperref Warning: Token not allowed in a PDF string (Unicode):
(hyperref)                removing `math shift' on input line 1883.

[474] [475] [476]
Overfull \hbox (291.43454pt too wide) in paragraph at lines 2030--2043
 [] 
 []

[477]
Overfull \hbox (10.0905pt too wide) in paragraph at lines 2105--2106
[]\OT1/ptm/m/n/10.95 Dijkstra's: greedy, O((V+E) log V) with bi-nary heap, re-q
uires non-negative edge weights. Bellman-
 []

[478] [479]
Overfull \hbox (97.14615pt too wide) in paragraph at lines 2190--2191
[]\OT1/ptm/m/n/10.95 For in-ter-view code: use \OT1/pcr/m/n/10.95 vector<vector
<int>> adj \OT1/ptm/m/n/10.95 for ad-ja-cency list, or \OT1/pcr/m/n/10.95 vecto
r<tuple<int,int,int>>
 []

[480] [481] [482]) [483]
\openout2 = `chapters/ch13.aux'.

 (./chapters/ch13.tex
Chapter 13.
[484




] [485] [486] [487] [488] [489] [490] [491] [492] [493] [494] [495]
[496] [497] [498]
Overfull \hbox (2.88979pt too wide) in paragraph at lines 696--698
\OT1/ptm/m/n/10.95 The keys stored are \OT1/pcr/m/n/10.95 romane\OT1/ptm/m/n/10
.95 , \OT1/pcr/m/n/10.95 romanus\OT1/ptm/m/n/10.95 , \OT1/pcr/m/n/10.95 romulus
\OT1/ptm/m/n/10.95 , \OT1/pcr/m/n/10.95 rubens\OT1/ptm/m/n/10.95 , \OT1/pcr/m/n
/10.95 ruber\OT1/ptm/m/n/10.95 , \OT1/pcr/m/n/10.95 rubicon\OT1/ptm/m/n/10.95 ,
 and \OT1/pcr/m/n/10.95 rubicundus\OT1/ptm/m/n/10.95 .
 []

[499] [500] [501] [502] [503] [504] [505] [506] [507] [508] [509] [510]
Overfull \hbox (322.89417pt too wide) in paragraph at lines 1284--1297
 [] 
 []

[511] [512] [513] [514] [515]
Overfull \hbox (3.4887pt too wide) in paragraph at lines 1459--1460
[]\OT1/ptm/b/n/10.95 Plagiarism de-tec-tion: \OT1/ptm/m/n/10.95 find doc-u-ment
s with over-lap-ping pas-sages us-ing suffix-array-based match-
 []

[516] [517] [518]) [519]
\openout2 = `chapters/ch14.aux'.

 (./chapters/ch14.tex
Chapter 14.
[520




] [521] [522] [523] [524] [525] [526] [527] [528] [529] [530] [531]
[532]
Overfull \hbox (380.9063pt too wide) in paragraph at lines 669--684
 [] 
 []

[533] [534] [535]
Overfull \hbox (4.87154pt too wide) in paragraph at lines 770--771
\OT1/pcr/m/n/10.95 BIT2.add(l, v*(l-1))\OT1/ptm/m/n/10.95 , \OT1/pcr/m/n/10.95 
BIT2.add(r+1, -v*r)\OT1/ptm/m/n/10.95 . Pre-fix sum at $\OML/ztmcm/m/it/10.95 i
$ \OT1/ptm/m/n/10.95 is \OT1/pcr/m/n/10.95 BIT1.sum(i)*i
 []

[536] [537] [538] [539] [540] [541]
Overfull \hbox (3.25888pt too wide) in paragraph at lines 1049--1050
[]\OT1/ptm/b/n/10.95 Problems that don't de-com-pose nicely \OT1/ptm/m/n/10.95 
into seg-ment tree nodes (e.g., mex queries, mode queries) 
 []

[542] [543]
Overfull \hbox (1.83516pt too wide) in paragraph at lines 1137--1138
\OT1/ptm/m/n/10.95 Standard lazy prop-a-ga-tion han-dles range add and range as
-sign ef-fi-ciently, but range min-i-mum/maximum
 []

[544] [545] [546] [547] [548] [549] [550] [551] [552] [553] [554] [555]
[556] [557] [558] [559] [560] [561] [562] [563] [564]

Package hyperref Warning: Token not allowed in a PDF string (Unicode):
(hyperref)                removing `math shift' on input line 2171.


Package hyperref Warning: Token not allowed in a PDF string (Unicode):
(hyperref)                removing `math shift' on input line 2171.

[565] [566] [567] [568] [569] [570] [571] [572]
Overfull \hbox (1.77808pt too wide) in paragraph at lines 2510--2511
\OT1/ptm/m/n/10.95 seg-ment tree over coordinate-compressed val-ues. Ver-sion $
\OML/ztmcm/m/it/10.95 i$ \OT1/ptm/m/n/10.95 rep-re-sents the mul-ti-set $\OMS/z
tmcm/m/n/10.95 f\OML/ztmcm/m/it/10.95 A\OT1/ztmcm/m/n/10.95 [0]\OML/ztmcm/m/it/
10.95 ; [] ; A\OT1/ztmcm/m/n/10.95 [\OML/ztmcm/m/it/10.95 i \OMS/ztmcm/m/n/10.9
5 ^^@
 []

[573]) [574] [575



]
\openout2 = `chapters/ch15.aux'.

 (./chapters/ch15.tex
Chapter 15.
[576


] [577] [578] [579] [580] [581] [582] [583] [584] [585]
Overfull \hbox (2.43652pt too wide) in paragraph at lines 440--441
[]\OT1/ptm/m/n/10.95 Industrial ap-pli-ca-tions in-clude \OT1/ptm/b/n/10.95 CDN
 con-tent place-ment \OT1/ptm/m/n/10.95 (Aka-mai), \OT1/ptm/b/n/10.95 Huff-man 
com-pres-sion \OT1/ptm/m/n/10.95 (gzip,
 []

[586] [587] [588] [589] [590] [591] [592] [593] [594] [595] [596]
Overfull \hbox (4.77087pt too wide) in paragraph at lines 941--942
[]\OT1/ptm/m/n/10.95 Trace Huff-man cod-ing on char-ac-ter fre-quen-cies from a
n En-glish novel: E:12.7%, T:9.1%, A:8.2%,
 []

[597] [598] [599]) [600]
\openout2 = `chapters/ch16.aux'.

 (./chapters/ch16.tex
Chapter 16.
[601




] [602] [603]
Overfull \hbox (52.03554pt too wide) in paragraph at lines 138--139
[]\OT1/ptm/b/n/10.95 Applications: \OT1/ptm/m/n/10.95 database in-dex lookups (
B-tree leaf search), find-ing in-ser-tion po-si-tion in \OT1/pcr/m/n/10.95 std:
:lower[]bound\OT1/ptm/m/n/10.95 ,
 []

[604] [605] [606] [607] [608] [609] [610] [611] [612] [613] [614] [615]
[616] [617] [618] [619] [620] [621]
Overfull \hbox (1.26155pt too wide) in paragraph at lines 1008--1009
[]\OT1/ptm/b/n/10.95 Variant --- count non-strict in-ver-sions: \OT1/ptm/m/n/10
.95 Change the merge con-di-tion from \OT1/pcr/m/n/10.95 arr[i] <= arr[j]
 []

[622] [623] [624] [625] [626]
Overfull \hbox (35.94615pt too wide) in paragraph at lines 1263--1264
\OT1/ptm/m/n/10.95 bers ($\OML/ztmcm/m/it/10.95 > \OT1/ztmcm/m/n/10.95 10[]000$
 \OT1/ptm/m/n/10.95 dig-its), fast Fourier transform--based meth-ods (Sch[]onha
ge--Strassen) achieve $\OML/ztmcm/m/it/10.95 O\OT1/ztmcm/m/n/10.95 (\OML/ztmcm/
m/it/10.95 n [] n [] [] n\OT1/ztmcm/m/n/10.95 )$\OT1/ptm/m/n/10.95 ,
 []

[627]
Overfull \hbox (3.92615pt too wide) in paragraph at lines 1308--1309
[]\OT1/ptm/b/n/10.95 Karatsuba in-te-ger mul-ti-pli-ca-tion for cryp-tog-ra-phy
. \OT1/ptm/m/n/10.95 RSA en-cryp-tion uses large in-te-gers (2048+
 []

[628]
Overfull \hbox (90.13553pt too wide) in paragraph at lines 1326--1327
[]\OT1/ptm/b/n/10.95 (Parallel merge sort) \OT1/ptm/m/n/10.95 Im-ple-ment a par
-al-lel merge sort us-ing C++17 par-al-lel al-go-rithms (\OT1/pcr/m/n/10.95 std
::execution::par\OT1/ptm/m/n/10.95 )
 []

[629]
Overfull \hbox (2.97334pt too wide) in paragraph at lines 1352--1353
[]\OT1/ptm/b/n/10.95 Strassen crossover tun-ing. \OT1/ptm/m/n/10.95 Im-ple-ment
 Strassen's al-go-rithm with a con-fig-urable base-case thresh-
 []


Overfull \hbox (7.39711pt too wide) in paragraph at lines 1372--1373
[]\OT1/ptm/b/n/10.95 Strassen with floating-point er-ror anal-y-sis. \OT1/ptm/m
/n/10.95 Im-ple-ment Strassen's al-go-rithm for double-precision
 []

[630]) [631]
\openout2 = `chapters/ch17.aux'.

 (./chapters/ch17.tex
Chapter 17.
[632




] [633] [634] [635] [636] [637] [638] [639] [640]
Overfull \hbox (14.7518pt too wide) in paragraph at lines 453--463
 [] 
 []

[641] [642] [643]
Overfull \hbox (0.3539pt too wide) in paragraph at lines 549--550
[]\OT1/ptm/m/n/10.95 Naive re-cur-sion tries all three op-er-a-tions (in-sert/d
elete/substitute) at each po-si-tion --- $\OML/ztmcm/m/it/10.95 O\OT1/ztmcm/m/n
/10.95 (3[])$
 []

[644] [645] [646]
Overfull \hbox (7.32568pt too wide) in paragraph at lines 686--687
[]\OT1/ptm/b/n/10.95 Applications: \OT1/ptm/m/n/10.95 diff tools (git diff), pl
a-gia-rism de-tec-tion, ver-sion con-trol, bioin-for-mat-ics (DNA/protein
 []

[647] [648] [649] [650] [651] [652] [653]
Overfull \hbox (13.43631pt too wide) in paragraph at lines 1022--1023
[]\OT1/ptm/b/n/10.95 Applications: \OT1/ptm/m/n/10.95 par-ti-tion prob-lems (ca
n the set be split into two equal halves?), cryp-tog-ra-phy (knapsack-
 []

[654] [655] [656] [657] [658] [659] [660]) [661]
\openout2 = `chapters/ch18.aux'.

 (./chapters/ch18.tex
Chapter 18.
[662




] [663] [664] [665] [666] [667] [668] [669] [670]
Overfull \hbox (336.42763pt too wide) in paragraph at lines 431--443
 [] 
 []

[671] [672] [673] [674] [675] [676] [677] [678] [679] [680] [681] [682]
[683] [684] [685] [686] [687] [688]
Overfull \hbox (3.56535pt too wide) in paragraph at lines 1287--1288
[]\OT1/ptm/m/n/10.95 Thomas H. Cor-men et al., \OT1/ptm/m/it/10.95 In-tro-duc-t
ion to Al-go-rithms\OT1/ptm/m/n/10.95 , 4th Edi-tion. Chap-ter 34 (NP-completen
ess),
 []

[689]) [690] [691



]
\openout2 = `chapters/ch19.aux'.

 (./chapters/ch19.tex
Chapter 19.
[692


] [693] [694] [695] [696] [697] [698] [699] [700] [701] [702] [703]
[704] [705] [706] [707] [708] [709] [710] [711] [712] [713] [714] [715]
[716] [717] [718] [719] [720] [721] [722]
Overfull \hbox (351.39464pt too wide) in paragraph at lines 1481--1496
 [] 
 []

[723]
Overfull \hbox (62.95146pt too wide) in paragraph at lines 1500--1516
 [] 
 []

[724] [725]
Overfull \hbox (0.69649pt too wide) in paragraph at lines 1626--1627
[]\OT1/ptm/m/n/10.95 Michael Green-wald and San-jeev Khanna, "Space-Efficient O
n-line Com-pu-ta-tion of Quan-tile Sum-
 []

[726]
Overfull \hbox (5.00027pt too wide) in paragraph at lines 1627--1628
[]\OT1/ptm/m/n/10.95 Gurmeet Singh Manku and Ra-jeev Mot-wani, "Ap-prox-i-mate 
Fre-quency Counts over Data Streams"
 []

) [727]
\openout2 = `chapters/ch20.aux'.

 (./chapters/ch20.tex
Chapter 20.
[728




] [729] [730] [731] [732] [733] [734] [735] [736]
Overfull \hbox (318.37134pt too wide) in paragraph at lines 426--439
 [] 
 []

[737] [738] [739] [740] [741] [742] [743] [744] [745] [746] [747] [748]
[749] [750] [751]) [752]
\openout2 = `chapters/ch21.aux'.

 (./chapters/ch21.tex
Chapter 21.
[753




] [754] [755] [756] [757] [758] [759] [760] [761] [762] [763] [764]
[765] [766] [767] [768]
Overfull \hbox (5.7492pt too wide) in paragraph at lines 716--717
\OT1/ptm/m/n/10.95 the min-i-mum?'' The ap-proach uses ge-o-met-ric de-com-po-s
i-tion of the time-line into blocks of size $\OT1/ztmcm/m/n/10.95 1\OML/ztmcm/m
/it/10.95 ; \OT1/ztmcm/m/n/10.95 2\OML/ztmcm/m/it/10.95 ; \OT1/ztmcm/m/n/10.95 
4\OML/ztmcm/m/it/10.95 ; []$\OT1/ptm/m/n/10.95 ,
 []

[769] [770]) [771]
\openout2 = `chapters/ch22.aux'.

 (./chapters/ch22.tex
Chapter 22.
[772




] [773] [774] [775] [776] [777] [778] [779] [780] [781] [782] [783]
[784] [785] [786]) [787]
\openout2 = `chapters/ch23.aux'.

 (./chapters/ch23.tex
Chapter 23.

Overfull \hbox (12.24689pt too wide) in paragraph at lines 28--28
|[]\OT1/ptm/b/n/14.4 Log-Structured Merge Trees --- The En-gine Be-hind Mod-ern
 Databases| 
 []

[788




]

Package fancyhdr Warning: \headheight is too small (14.0pt): 
(fancyhdr)                Make it at least 25.11505pt, for example:
(fancyhdr)                \setlength{\headheight}{25.11505pt}.
(fancyhdr)                You might also make \topmargin smaller:
(fancyhdr)                \addtolength{\topmargin}{-11.11505pt}.

[789]

Package fancyhdr Warning: \headheight is too small (14.0pt): 
(fancyhdr)                Make it at least 25.11505pt, for example:
(fancyhdr)                \setlength{\headheight}{25.11505pt}.
(fancyhdr)                You might also make \topmargin smaller:
(fancyhdr)                \addtolength{\topmargin}{-11.11505pt}.

[790]

Package fancyhdr Warning: \headheight is too small (14.0pt): 
(fancyhdr)                Make it at least 25.11505pt, for example:
(fancyhdr)                \setlength{\headheight}{25.11505pt}.
(fancyhdr)                You might also make \topmargin smaller:
(fancyhdr)                \addtolength{\topmargin}{-11.11505pt}.

[791]

Package fancyhdr Warning: \headheight is too small (14.0pt): 
(fancyhdr)                Make it at least 25.11505pt, for example:
(fancyhdr)                \setlength{\headheight}{25.11505pt}.
(fancyhdr)                You might also make \topmargin smaller:
(fancyhdr)                \addtolength{\topmargin}{-11.11505pt}.

[792]

Package fancyhdr Warning: \headheight is too small (14.0pt): 
(fancyhdr)                Make it at least 25.11505pt, for example:
(fancyhdr)                \setlength{\headheight}{25.11505pt}.
(fancyhdr)                You might also make \topmargin smaller:
(fancyhdr)                \addtolength{\topmargin}{-11.11505pt}.

[793]

Package fancyhdr Warning: \headheight is too small (14.0pt): 
(fancyhdr)                Make it at least 25.11505pt, for example:
(fancyhdr)                \setlength{\headheight}{25.11505pt}.
(fancyhdr)                You might also make \topmargin smaller:
(fancyhdr)                \addtolength{\topmargin}{-11.11505pt}.

[794]

Package fancyhdr Warning: \headheight is too small (14.0pt): 
(fancyhdr)                Make it at least 25.11505pt, for example:
(fancyhdr)                \setlength{\headheight}{25.11505pt}.
(fancyhdr)                You might also make \topmargin smaller:
(fancyhdr)                \addtolength{\topmargin}{-11.11505pt}.

[795]

Package fancyhdr Warning: \headheight is too small (14.0pt): 
(fancyhdr)                Make it at least 25.11505pt, for example:
(fancyhdr)                \setlength{\headheight}{25.11505pt}.
(fancyhdr)                You might also make \topmargin smaller:
(fancyhdr)                \addtolength{\topmargin}{-11.11505pt}.

[796]

Package fancyhdr Warning: \headheight is too small (14.0pt): 
(fancyhdr)                Make it at least 25.11505pt, for example:
(fancyhdr)                \setlength{\headheight}{25.11505pt}.
(fancyhdr)                You might also make \topmargin smaller:
(fancyhdr)                \addtolength{\topmargin}{-11.11505pt}.

[797]

Package fancyhdr Warning: \headheight is too small (14.0pt): 
(fancyhdr)                Make it at least 25.11505pt, for example:
(fancyhdr)                \setlength{\headheight}{25.11505pt}.
(fancyhdr)                You might also make \topmargin smaller:
(fancyhdr)                \addtolength{\topmargin}{-11.11505pt}.

[798]

Package fancyhdr Warning: \headheight is too small (14.0pt): 
(fancyhdr)                Make it at least 25.11505pt, for example:
(fancyhdr)                \setlength{\headheight}{25.11505pt}.
(fancyhdr)                You might also make \topmargin smaller:
(fancyhdr)                \addtolength{\topmargin}{-11.11505pt}.

[799]
Overfull \hbox (19.38258pt too wide) in paragraph at lines 624--630
\OT1/ptm/m/n/10.95 Distributing a graph across ma-chines re-quires par-ti-tion-
ing. Hash-based par-ti-tion-ing is sim-ple ($[]\OT1/ztmcm/m/n/10.95 (\OML/ztmcm
/m/it/10.95 v\OT1/ztmcm/m/n/10.95 ) =
 []


Package fancyhdr Warning: \headheight is too small (14.0pt): 
(fancyhdr)                Make it at least 25.11505pt, for example:
(fancyhdr)                \setlength{\headheight}{25.11505pt}.
(fancyhdr)                You might also make \topmargin smaller:
(fancyhdr)                \addtolength{\topmargin}{-11.11505pt}.

[800]

Package fancyhdr Warning: \headheight is too small (14.0pt): 
(fancyhdr)                Make it at least 25.11505pt, for example:
(fancyhdr)                \setlength{\headheight}{25.11505pt}.
(fancyhdr)                You might also make \topmargin smaller:
(fancyhdr)                \addtolength{\topmargin}{-11.11505pt}.

[801]

Package fancyhdr Warning: \headheight is too small (14.0pt): 
(fancyhdr)                Make it at least 25.11505pt, for example:
(fancyhdr)                \setlength{\headheight}{25.11505pt}.
(fancyhdr)                You might also make \topmargin smaller:
(fancyhdr)                \addtolength{\topmargin}{-11.11505pt}.

[802]

Package fancyhdr Warning: \headheight is too small (14.0pt): 
(fancyhdr)                Make it at least 25.11505pt, for example:
(fancyhdr)                \setlength{\headheight}{25.11505pt}.
(fancyhdr)                You might also make \topmargin smaller:
(fancyhdr)                \addtolength{\topmargin}{-11.11505pt}.

[803])

Package fancyhdr Warning: \headheight is too small (14.0pt): 
(fancyhdr)                Make it at least 25.11505pt, for example:
(fancyhdr)                \setlength{\headheight}{25.11505pt}.
(fancyhdr)                You might also make \topmargin smaller:
(fancyhdr)                \addtolength{\topmargin}{-11.11505pt}.

[804]
\openout2 = `chapters/ch24.aux'.

 (./chapters/ch24.tex
Chapter 24.
[805




] [806]
Overfull \vbox (1582.64261pt too high) has occurred while \output is active []


[807]
Overfull \hbox (34.31897pt too wide) in paragraph at lines 227--228
[]\OT1/ptm/m/n/10.95 Google's Ab-seil li-brary uses Swiss Ta-ble hash maps, whi
ch are 2--3$\OMS/ztmcm/m/n/10.95 ^^B$ \OT1/ptm/m/n/10.95 faster than \OT1/pcr/m
/n/10.95 std::unordered[]map\OT1/ptm/m/n/10.95 .
 []

[808] [809] [810]
Overfull \hbox (9.55469pt too wide) in paragraph at lines 340--341
[]\OT1/ptm/b/n/10.95 Quick Sort: \OT1/ptm/m/n/10.95 The de-fault sort in most C
++ im-ple-men-ta-tions (\OT1/pcr/m/n/10.95 std::sort \OT1/ptm/m/n/10.95 uses in
-trosort). Google's
 []

[811] [812] [813] [814] [815] [816] [817]
Overfull \hbox (4.34216pt too wide) in paragraph at lines 623--624
[]\OT1/ptm/b/n/10.95 Startup stack. \OT1/ptm/m/n/10.95 You are build-ing a real
-time an-a-lyt-ics plat-form pro-cess-ing 1 mil-lion events/second.
 []

[818]) [819]
\openout2 = `chapters/appendices.aux'.

 (./chapters/appendices.tex
Appendix A.
[820




] [821] [822]
Appendix B.
[823

] [824]
Appendix C.
[825

] [826] [827] [828] [829] [830] [831]) [832] (./book.ind [833



] [834])
(./book.aux (./preface.aux) (./chapters/ch01.aux) (./chapters/ch02.aux)
(./chapters/ch03.aux) (./chapters/ch04.aux) (./chapters/ch05.aux)
(./chapters/ch06.aux) (./chapters/ch07.aux) (./chapters/ch08.aux)
(./chapters/ch09.aux) (./chapters/ch10.aux) (./chapters/ch11.aux)
(./chapters/ch12.aux) (./chapters/ch13.aux) (./chapters/ch14.aux)
(./chapters/ch15.aux) (./chapters/ch16.aux) (./chapters/ch17.aux)
(./chapters/ch18.aux) (./chapters/ch19.aux) (./chapters/ch20.aux)
(./chapters/ch21.aux) (./chapters/ch22.aux) (./chapters/ch23.aux)
(./chapters/ch24.aux) (./chapters/appendices.aux))
 ***********
LaTeX2e <2025-11-01>
L3 programming layer <2026-01-19>
 ***********
Package rerunfilecheck Info: File `book.out' has not changed.
(rerunfilecheck)             Checksum: E42ACBEF69355936B7F16ADF49EE871E;248841.

 ) 
Here is how much of TeX's memory you used:
 64497 strings out of 467525
 1150590 string characters out of 5408440
 1792581 words of memory out of 5000000
 69310 multiletter control sequences out of 15000+600000
 702496 words of font info for 201 fonts, out of 8000000 for 9000
 1141 hyphenation exceptions out of 8191
 131i,13n,135p,843b,2170s stack positions out of 10000i,1000n,20000p,200000b,200000s
</opt/homebrew/Cellar/texlive/20260301/share/texmf-dist/fonts/type1/public/am
sfonts/cm/cmex10.pfb></opt/homebrew/Cellar/texlive/20260301/share/texmf-dist/fo
nts/type1/public/amsfonts/cm/cmmi10.pfb></opt/homebrew/Cellar/texlive/20260301/
share/texmf-dist/fonts/type1/public/amsfonts/cm/cmr10.pfb></opt/homebrew/Cellar
/texlive/20260301/share/texmf-dist/fonts/type1/public/amsfonts/cm/cmsy10.pfb></
opt/homebrew/Cellar/texlive/20260301/share/texmf-dist/fonts/type1/public/amsfon
ts/symbols/msam10.pfb></opt/homebrew/Cellar/texlive/20260301/share/texmf-dist/f
onts/type1/public/amsfonts/symbols/msbm10.pfb></opt/homebrew/Cellar/texlive/202
60301/share/texmf-dist/fonts/type1/public/rsfs/rsfs10.pfb></opt/homebrew/Cellar
/texlive/20260301/share/texmf-dist/fonts/type1/urw/courier/ucrb8a.pfb></opt/hom
ebrew/Cellar/texlive/20260301/share/texmf-dist/fonts/type1/urw/courier/ucrr8a.p
fb></opt/homebrew/Cellar/texlive/20260301/share/texmf-dist/fonts/type1/urw/cour
ier/ucrro8a.pfb></opt/homebrew/Cellar/texlive/20260301/share/texmf-dist/fonts/t
ype1/urw/symbol/usyr.pfb></opt/homebrew/Cellar/texlive/20260301/share/texmf-dis
t/fonts/type1/urw/symbol/usyr.pfb></opt/homebrew/Cellar/texlive/20260301/share/
texmf-dist/fonts/type1/urw/times/utmb8a.pfb></opt/homebrew/Cellar/texlive/20260
301/share/texmf-dist/fonts/type1/urw/times/utmr8a.pfb></opt/homebrew/Cellar/tex
live/20260301/share/texmf-dist/fonts/type1/urw/times/utmri8a.pfb>
Output written on book.pdf (884 pages, 4678271 bytes).
PDF statistics:
 37459 PDF objects out of 38293 (max. 8388607)
 36164 compressed objects within 362 object streams
 23343 named destinations out of 26593 (max. 500000)
 12114 words of extra memory for PDF output out of 14400 (max. 10000000)

